#
# An unexpected error has been detected by Java Runtime Environment:
#
#  SIGSEGV (0xb) at pc=0x0636711d, pid=14568, tid=3084118928
#
# Java VM: Java HotSpot(TM) Server VM (10.0-b23 mixed mode linux-x86)
# Problematic frame:
# V  [libjvm.so+0x36711d]
#
# If you would like to submit a bug report, please visit:
#   http://java.sun.com/webapps/bugreport/crash.jsp
#

---------------  T H R E A D  ---------------

Current thread (0x08059c00):  JavaThread "Unknown thread" [_thread_in_vm, id=14569, stack(0xb7c3e000,0xb7d3f000)]

siginfo:si_signo=SIGSEGV: si_errno=0, si_code=1 (SEGV_MAPERR), si_addr=0x0835ad61

Registers:
EAX=0x00000000, EBX=0x080584e8, ECX=0x08059c00, EDX=0x0000009c
ESP=0xb7d3de78, EBP=0xb7d3df50, ESI=0x08059ce4, EDI=0x08059ce4
EIP=0x0636711d, CR2=0x0835ad61, EFLAGS=0x00210246

Top of Stack: (sp=0xb7d3de78)
0xb7d3de78:   00000008 00000003 00000000 00000000
0xb7d3de88:   b7d3df70 b7d3df98 00000006 0000000e
0xb7d3de98:   00000008 00000000 00000000 000000b4
0xb7d3dea8:   080818e4 000000b5 00000003 00000000
0xb7d3deb8:   b7d3dee8 0629cecf 90b229e8 00000002
0xb7d3dec8:   08059c00 08059c00 00000000 b7d3df98
0xb7d3ded8:   b7d3df70 00000000 080818e0 08059c00
0xb7d3dee8:   b7d3df08 064941c1 080818e0 b7d3df98 

Instructions: (pc=0x0636711d)
0x0636710d:   00 00 04 01 00 8e 7d 1c 00 c0 04 04 04 12 00 01
0x0636711d:   00 8e 7d 10 30 00 14 40 00 00 08 01 00 8e 7d 00 

Stack: [0xb7c3e000,0xb7d3f000],  sp=0xb7d3de78,  free space=1023k
Native frames: (J=compiled Java code, j=interpreted, Vv=VM code, C=native code)
V  [libjvm.so+0x36711d]
v  ~BufferBlob::Interpreter
v  ~BufferBlob::StubRoutines (1)
V  [libjvm.so+0x3735bd]
V  [libjvm.so+0x4fd5d8]
V  [libjvm.so+0x3730e1]
V  [libjvm.so+0x373257]
V  [libjvm.so+0x5bb611]
V  [libjvm.so+0x5b9771]
V  [libjvm.so+0x39c4c3]
C  [java+0x2fcc]
C  [java+0x1942]  JavaMain+0x72
C  [libpthread.so.0+0x54fb]

Java frames: (J=compiled Java code, j=interpreted, Vv=VM code)
v  ~BufferBlob::Interpreter
v  ~BufferBlob::StubRoutines (1)

---------------  P R O C E S S  ---------------

Java Threads: ( => current thread )
=>0x08059c00 JavaThread "Unknown thread" [_thread_in_vm, id=14569, stack(0xb7c3e000,0xb7d3f000)]

Other Threads:
  0x080d9800 VMThread [stack: 0x9058b000,0x9060c000] [id=14572]

VM state:not at safepoint (normal execution)

VM Mutex/Monitor currently owned by a thread: None

Heap
 PSYoungGen      total 3584K, used 61K [0xb1210000, 0xb1610000, 0xb4af0000)
  eden space 3072K, 2% used [0xb1210000,0xb121f5d0,0xb1510000)
  from space 512K, 0% used [0xb1590000,0xb1590000,0xb1610000)
  to   space 512K, 0% used [0xb1510000,0xb1510000,0xb1590000)
 PSOldGen        total 4096K, used 0K [0x94af0000, 0x94ef0000, 0xb1210000)
  object space 4096K, 0% used [0x94af0000,0x94af0000,0x94ef0000)
 PSPermGen       total 16384K, used 482K [0x90af0000, 0x91af0000, 0x94af0000)
  object space 16384K, 2% used [0x90af0000,0x90b689e8,0x91af0000)

Dynamic libraries:
06000000-0665d000 r-xp 00000000 08:05 850742     /usr/lib/jvm/java-6-sun-1.6.0.07/jre/lib/i386/server/libjvm.so
0665d000-066a1000 rwxp 0065c000 08:05 850742     /usr/lib/jvm/java-6-sun-1.6.0.07/jre/lib/i386/server/libjvm.so
066a1000-06ac3000 rwxp 066a1000 00:00 0 
08048000-08052000 r-xp 00000000 08:05 850637     /usr/lib/jvm/java-6-sun-1.6.0.07/jre/bin/java
08052000-08053000 rwxp 00009000 08:05 850637     /usr/lib/jvm/java-6-sun-1.6.0.07/jre/bin/java
08053000-080e9000 rwxp 08053000 00:00 0          [heap]
9058b000-9058c000 ---p 9058b000 00:00 0 
9058c000-9063e000 rwxp 9058c000 00:00 0 
9063e000-907c9000 r-xs 02def000 08:05 851524     /usr/lib/jvm/java-6-sun-1.6.0.07/jre/lib/rt.jar
907c9000-907ca000 ---p 907c9000 00:00 0 
907ca000-9084a000 rwxp 907ca000 00:00 0 
9084a000-9084b000 ---p 9084a000 00:00 0 
9084b000-908d3000 rwxp 9084b000 00:00 0 
908d3000-908eb000 rwxp 908d3000 00:00 0 
908eb000-908ed000 rwxp 908eb000 00:00 0 
908ed000-909cf000 rwxp 908ed000 00:00 0 
909cf000-909d7000 rwxp 909cf000 00:00 0 
909d7000-909ef000 rwxp 909d7000 00:00 0 
909ef000-909f1000 rwxp 909ef000 00:00 0 
909f1000-90ad2000 rwxp 909f1000 00:00 0 
90ad2000-90ad5000 rwxp 90ad2000 00:00 0 
90ad5000-90aef000 rwxp 90ad5000 00:00 0 
90aef000-91af0000 rwxp 90aef000 00:00 0 
91af0000-94af0000 rwxp 91af0000 00:00 0 
94af0000-94ef0000 rwxp 94af0000 00:00 0 
94ef0000-b1210000 rwxp 94ef0000 00:00 0 
b1210000-b1610000 rwxp b1210000 00:00 0 
b1610000-b4af0000 rwxp b1610000 00:00 0 
b4afb000-b4b04000 rwxp b4afb000 00:00 0 
b4b04000-b4bbb000 rwxp b4b04000 00:00 0 
b4bbb000-b4dfb000 rwxp b4bbb000 00:00 0 
b4dfb000-b7bbb000 rwxp b4dfb000 00:00 0 
b7bbb000-b7bca000 r-xp 00000000 08:05 850780     /usr/lib/jvm/java-6-sun-1.6.0.07/jre/lib/i386/libzip.so
b7bca000-b7bcc000 rwxp 0000e000 08:05 850780     /usr/lib/jvm/java-6-sun-1.6.0.07/jre/lib/i386/libzip.so
b7bcc000-b7bef000 r-xp 00000000 08:05 850772     /usr/lib/jvm/java-6-sun-1.6.0.07/jre/lib/i386/libjava.so
b7bef000-b7bf1000 rwxp 00023000 08:05 850772     /usr/lib/jvm/java-6-sun-1.6.0.07/jre/lib/i386/libjava.so
b7bf1000-b7bfa000 r-xp 00000000 08:05 1206452    /lib/tls/i686/cmov/libnss_files-2.7.so
b7bfa000-b7bfc000 rwxp 00008000 08:05 1206452    /lib/tls/i686/cmov/libnss_files-2.7.so
b7bfc000-b7c10000 r-xp 00000000 08:05 1206339    /lib/tls/i686/cmov/libnsl-2.7.so
b7c10000-b7c12000 rwxp 00013000 08:05 1206339    /lib/tls/i686/cmov/libnsl-2.7.so
b7c12000-b7c14000 rwxp b7c12000 00:00 0 
b7c21000-b7c2c000 r-xp 00000000 08:05 850769     /usr/lib/jvm/java-6-sun-1.6.0.07/jre/lib/i386/libverify.so
b7c2c000-b7c2d000 rwxp 0000b000 08:05 850769     /usr/lib/jvm/java-6-sun-1.6.0.07/jre/lib/i386/libverify.so
b7c2d000-b7c35000 rwxs 00000000 08:05 765868     /tmp/hsperfdata_danilo/14568
b7c35000-b7c3c000 r-xp 00000000 08:05 1206493    /lib/tls/i686/cmov/librt-2.7.so
b7c3c000-b7c3e000 rwxp 00006000 08:05 1206493    /lib/tls/i686/cmov/librt-2.7.so
b7c3e000-b7c41000 ---p b7c3e000 00:00 0 
b7c41000-b7d3f000 rwxp b7c41000 00:00 0 
b7d3f000-b7d62000 r-xp 00000000 08:05 1206337    /lib/tls/i686/cmov/libm-2.7.so
b7d62000-b7d64000 rwxp 00023000 08:05 1206337    /lib/tls/i686/cmov/libm-2.7.so
b7d64000-b7d65000 rwxp b7d64000 00:00 0 
b7d65000-b7eae000 r-xp 00000000 08:05 1206194    /lib/tls/i686/cmov/libc-2.7.so
b7eae000-b7eaf000 r-xp 00149000 08:05 1206194    /lib/tls/i686/cmov/libc-2.7.so
b7eaf000-b7eb1000 rwxp 0014a000 08:05 1206194    /lib/tls/i686/cmov/libc-2.7.so
b7eb1000-b7eb4000 rwxp b7eb1000 00:00 0 
b7eb4000-b7eb6000 r-xp 00000000 08:05 1206299    /lib/tls/i686/cmov/libdl-2.7.so
b7eb6000-b7eb8000 rwxp 00001000 08:05 1206299    /lib/tls/i686/cmov/libdl-2.7.so
b7eb8000-b7ebf000 r-xp 00000000 08:05 850778     /usr/lib/jvm/java-6-sun-1.6.0.07/jre/lib/i386/jli/libjli.so
b7ebf000-b7ec1000 rwxp 00006000 08:05 850778     /usr/lib/jvm/java-6-sun-1.6.0.07/jre/lib/i386/jli/libjli.so
b7ec1000-b7ec2000 rwxp b7ec1000 00:00 0 
b7ec2000-b7ed6000 r-xp 00000000 08:05 1206484    /lib/tls/i686/cmov/libpthread-2.7.so
b7ed6000-b7ed8000 rwxp 00013000 08:05 1206484    /lib/tls/i686/cmov/libpthread-2.7.so
b7ed8000-b7eda000 rwxp b7ed8000 00:00 0 
b7edf000-b7ee7000 r-xp 00000000 08:05 1206478    /lib/tls/i686/cmov/libnss_nis-2.7.so
b7ee7000-b7ee9000 rwxp 00007000 08:05 1206478    /lib/tls/i686/cmov/libnss_nis-2.7.so
b7ee9000-b7ef0000 r-xp 00000000 08:05 1206450    /lib/tls/i686/cmov/libnss_compat-2.7.so
b7ef0000-b7ef2000 rwxp 00006000 08:05 1206450    /lib/tls/i686/cmov/libnss_compat-2.7.so
b7ef2000-b7ef8000 r-xp 00000000 08:05 850736     /usr/lib/jvm/java-6-sun-1.6.0.07/jre/lib/i386/native_threads/libhpi.so
b7ef8000-b7ef9000 rwxp 00006000 08:05 850736     /usr/lib/jvm/java-6-sun-1.6.0.07/jre/lib/i386/native_threads/libhpi.so
b7ef9000-b7efa000 rwxp b7ef9000 00:00 0 
b7efa000-b7efb000 r-xp b7efa000 00:00 0 
b7efb000-b7efd000 rwxp b7efb000 00:00 0 
b7efd000-b7efe000 r-xp b7efd000 00:00 0          [vdso]
b7efe000-b7f18000 r-xp 00000000 08:05 1173726    /lib/ld-2.7.so
b7f18000-b7f1a000 rwxp 00019000 08:05 1173726    /lib/ld-2.7.so
bf9fa000-bfa0f000 rwxp bffeb000 00:00 0          [stack]

VM Arguments:
jvm_args: -Xverify:none -da -Xmx512m -Xss1024k -Djruby.base=/home/danilo/Progetti/discovery_app/vendor/jruby-1.1.1 -Djruby.home=/home/danilo/Progetti/discovery_app/vendor/jruby-1.1.1 -Djruby.lib=/home/danilo/Progetti/discovery_app/vendor/jruby-1.1.1/lib -Djruby.shell=/bin/sh -Djruby.script=jruby 
java_command: org.jruby.Main script/server --port 3000
Launcher Type: SUN_STANDARD

Environment Variables:
JAVA_HOME=/usr/lib/jvm/java-6-sun-1.6.0.07/jre
PATH=/home/danilo/Progetti/discovery_app/vendor/jruby-1.1.1/bin:/home/danilo/bin:/usr/local/sbin:/usr/local/bin:/usr/sbin:/usr/bin:/sbin:/bin:/usr/games
USERNAME=danilo
LD_LIBRARY_PATH=/usr/lib/jvm/java-6-sun-1.6.0.07/jre/lib/i386/server:/usr/lib/jvm/java-6-sun-1.6.0.07/jre/lib/i386:/usr/lib/jvm/java-6-sun-1.6.0.07/jre/../lib/i386:/usr/lib/jvm/java-6-sun-1.6.0.07/jre/lib/i386/client:/usr/lib/jvm/java-6-sun-1.6.0.07/jre/lib/i386:/usr/lib/jvm/java-6-sun-1.6.0.07/jre/../lib/i386
SHELL=/bin/bash
DISPLAY=:0.1

Signal Handlers:
SIGSEGV: [libjvm.so+0x5edc30], sa_mask[0]=0x7ffbfeff, sa_flags=0x10000004
SIGBUS: [libjvm.so+0x5edc30], sa_mask[0]=0x7ffbfeff, sa_flags=0x10000004
SIGFPE: [libjvm.so+0x4fc6a0], sa_mask[0]=0x7ffbfeff, sa_flags=0x10000004
SIGPIPE: [libjvm.so+0x4fc6a0], sa_mask[0]=0x7ffbfeff, sa_flags=0x10000004
SIGXFSZ: [libjvm.so+0x4fc6a0], sa_mask[0]=0x7ffbfeff, sa_flags=0x10000004
SIGILL: [libjvm.so+0x4fc6a0], sa_mask[0]=0x7ffbfeff, sa_flags=0x10000004
SIGUSR1: SIG_DFL, sa_mask[0]=0x00000000, sa_flags=0x00000000
SIGUSR2: [libjvm.so+0x4fe6e0], sa_mask[0]=0x00000004, sa_flags=0x10000004
SIGHUP: SIG_DFL, sa_mask[0]=0x00000000, sa_flags=0x00000000
SIGINT: SIG_IGN, sa_mask[0]=0x00000000, sa_flags=0x00000000
SIGTERM: SIG_DFL, sa_mask[0]=0x00000000, sa_flags=0x00000000
SIGQUIT: SIG_DFL, sa_mask[0]=0x00000000, sa_flags=0x00000000


---------------  S Y S T E M  ---------------

OS:lenny/sid

uname:Linux 2.6.24-17-generic #1 SMP Thu May 1 14:31:33 UTC 2008 i686
libc:glibc 2.7 NPTL 2.7 
rlimit: STACK 8192k, CORE 0k, NPROC 16135, NOFILE 1024, AS infinity
load average:2.99 1.65 1.11

CPU:total 2 (2 cores per cpu, 1 threads per core) family 6 model 15 stepping 6, cmov, cx8, fxsr, mmx, sse, sse2, sse3, ssse3

Memory: 4k page, physical 2044188k(168752k free), swap 1953116k(1953116k free)

vm_info: Java HotSpot(TM) Server VM (10.0-b23) for linux-x86 JRE (1.6.0_07-b06), built on Jun 10 2008 01:20:15 by "java_re" with gcc 3.2.1-7a (J2SE release)

time: Tue Sep 30 10:49:46 2008
elapsed time: 0 seconds

