#
# An unexpected error has been detected by Java Runtime Environment:
#
#  SIGSEGV (0xb) at pc=0x0636711d, pid=13491, tid=3084340112
#
# Java VM: Java HotSpot(TM) Server VM (10.0-b23 mixed mode linux-x86)
# Problematic frame:
# V  [libjvm.so+0x36711d]
#
# If you would like to submit a bug report, please visit:
#   http://java.sun.com/webapps/bugreport/crash.jsp
#

---------------  T H R E A D  ---------------

Current thread (0x08059c00):  JavaThread "Unknown thread" [_thread_in_vm, id=13496, stack(0xb7c74000,0xb7d75000)]

siginfo:si_signo=SIGSEGV: si_errno=0, si_code=1 (SEGV_MAPERR), si_addr=0x0835ad61

Registers:
EAX=0x00000000, EBX=0x08058610, ECX=0x08059c00, EDX=0x0000009c
ESP=0xb7d73e78, EBP=0xb7d73f50, ESI=0x08059ce4, EDI=0x08059ce4
EIP=0x0636711d, CR2=0x0835ad61, EFLAGS=0x00210246

Top of Stack: (sp=0xb7d73e78)
0xb7d73e78:   00000008 00000003 00000000 00000000
0xb7d73e88:   b7d73f70 b7d73f98 00000006 0000000e
0xb7d73e98:   00000008 00000000 00000000 000000b4
0xb7d73ea8:   08081a0c 000000b5 00000003 00000000
0xb7d73eb8:   b7d73ee8 0629cecf 991629e8 00000002
0xb7d73ec8:   08059c00 08059c00 00000000 b7d73f98
0xb7d73ed8:   b7d73f70 00000000 08081a08 08059c00
0xb7d73ee8:   b7d73f08 064941c1 08081a08 b7d73f98 

Instructions: (pc=0x0636711d)
0x0636710d:   00 00 04 01 00 8e 7d 1c 00 c0 04 04 04 12 00 01
0x0636711d:   00 8e 7d 10 30 00 14 40 00 00 08 01 00 8e 7d 00 

Stack: [0xb7c74000,0xb7d75000],  sp=0xb7d73e78,  free space=1023k
Native frames: (J=compiled Java code, j=interpreted, Vv=VM code, C=native code)
V  [libjvm.so+0x36711d]
v  ~BufferBlob::Interpreter
v  ~BufferBlob::StubRoutines (1)
V  [libjvm.so+0x3735bd]
V  [libjvm.so+0x4fd5d8]
V  [libjvm.so+0x3730e1]
V  [libjvm.so+0x373257]
V  [libjvm.so+0x5bb611]
V  [libjvm.so+0x5b9771]
V  [libjvm.so+0x39c4c3]
C  [java+0x2fcc]
C  [java+0x1942]  JavaMain+0x72
C  [libpthread.so.0+0x54fb]

Java frames: (J=compiled Java code, j=interpreted, Vv=VM code)
v  ~BufferBlob::Interpreter
v  ~BufferBlob::StubRoutines (1)

---------------  P R O C E S S  ---------------

Java Threads: ( => current thread )
=>0x08059c00 JavaThread "Unknown thread" [_thread_in_vm, id=13496, stack(0xb7c74000,0xb7d75000)]

Other Threads:
  0x080d9c00 VMThread [stack: 0x98c4a000,0x98ccb000] [id=13499]

VM state:not at safepoint (normal execution)

VM Mutex/Monitor currently owned by a thread: None

Heap
 PSYoungGen      total 3584K, used 61K [0xb2130000, 0xb2530000, 0xb4b30000)
  eden space 3072K, 2% used [0xb2130000,0xb213f5d0,0xb2430000)
  from space 512K, 0% used [0xb24b0000,0xb24b0000,0xb2530000)
  to   space 512K, 0% used [0xb2430000,0xb2430000,0xb24b0000)
 PSOldGen        total 4096K, used 0K [0x9d130000, 0x9d530000, 0xb2130000)
  object space 4096K, 0% used [0x9d130000,0x9d130000,0x9d530000)
 PSPermGen       total 16384K, used 482K [0x99130000, 0x9a130000, 0x9d130000)
  object space 16384K, 2% used [0x99130000,0x991a89e8,0x9a130000)

Dynamic libraries:
06000000-0665d000 r-xp 00000000 08:05 850742     /usr/lib/jvm/java-6-sun-1.6.0.07/jre/lib/i386/server/libjvm.so
0665d000-066a1000 rwxp 0065c000 08:05 850742     /usr/lib/jvm/java-6-sun-1.6.0.07/jre/lib/i386/server/libjvm.so
066a1000-06ac3000 rwxp 066a1000 00:00 0 
08048000-08052000 r-xp 00000000 08:05 850637     /usr/lib/jvm/java-6-sun-1.6.0.07/jre/bin/java
08052000-08053000 rwxp 00009000 08:05 850637     /usr/lib/jvm/java-6-sun-1.6.0.07/jre/bin/java
08053000-080e9000 rwxp 08053000 00:00 0          [heap]
98c4a000-98c4b000 ---p 98c4a000 00:00 0 
98c4b000-98cfd000 rwxp 98c4b000 00:00 0 
98cfd000-98e88000 r-xs 02def000 08:05 851524     /usr/lib/jvm/java-6-sun-1.6.0.07/jre/lib/rt.jar
98e88000-98e89000 ---p 98e88000 00:00 0 
98e89000-98f09000 rwxp 98e89000 00:00 0 
98f09000-98f0a000 ---p 98f09000 00:00 0 
98f0a000-98f92000 rwxp 98f0a000 00:00 0 
98f92000-98faa000 rwxp 98f92000 00:00 0 
98faa000-98fac000 rwxp 98faa000 00:00 0 
98fac000-99052000 rwxp 98fac000 00:00 0 
99052000-9905a000 rwxp 99052000 00:00 0 
9905a000-99072000 rwxp 9905a000 00:00 0 
99072000-99074000 rwxp 99072000 00:00 0 
99074000-9911a000 rwxp 99074000 00:00 0 
9911a000-9911c000 rwxp 9911a000 00:00 0 
9911c000-9912f000 rwxp 9911c000 00:00 0 
9912f000-9a130000 rwxp 9912f000 00:00 0 
9a130000-9d130000 rwxp 9a130000 00:00 0 
9d130000-9d530000 rwxp 9d130000 00:00 0 
9d530000-b2130000 rwxp 9d530000 00:00 0 
b2130000-b2530000 rwxp b2130000 00:00 0 
b2530000-b4b30000 rwxp b2530000 00:00 0 
b4b31000-b4b3a000 rwxp b4b31000 00:00 0 
b4b3a000-b4bf1000 rwxp b4b3a000 00:00 0 
b4bf1000-b4e31000 rwxp b4bf1000 00:00 0 
b4e31000-b7bf1000 rwxp b4e31000 00:00 0 
b7bf1000-b7c00000 r-xp 00000000 08:05 850780     /usr/lib/jvm/java-6-sun-1.6.0.07/jre/lib/i386/libzip.so
b7c00000-b7c02000 rwxp 0000e000 08:05 850780     /usr/lib/jvm/java-6-sun-1.6.0.07/jre/lib/i386/libzip.so
b7c02000-b7c25000 r-xp 00000000 08:05 850772     /usr/lib/jvm/java-6-sun-1.6.0.07/jre/lib/i386/libjava.so
b7c25000-b7c27000 rwxp 00023000 08:05 850772     /usr/lib/jvm/java-6-sun-1.6.0.07/jre/lib/i386/libjava.so
b7c27000-b7c30000 r-xp 00000000 08:05 1206452    /lib/tls/i686/cmov/libnss_files-2.7.so
b7c30000-b7c32000 rwxp 00008000 08:05 1206452    /lib/tls/i686/cmov/libnss_files-2.7.so
b7c32000-b7c46000 r-xp 00000000 08:05 1206339    /lib/tls/i686/cmov/libnsl-2.7.so
b7c46000-b7c48000 rwxp 00013000 08:05 1206339    /lib/tls/i686/cmov/libnsl-2.7.so
b7c48000-b7c4a000 rwxp b7c48000 00:00 0 
b7c57000-b7c62000 r-xp 00000000 08:05 850769     /usr/lib/jvm/java-6-sun-1.6.0.07/jre/lib/i386/libverify.so
b7c62000-b7c63000 rwxp 0000b000 08:05 850769     /usr/lib/jvm/java-6-sun-1.6.0.07/jre/lib/i386/libverify.so
b7c63000-b7c6b000 rwxs 00000000 08:05 765837     /tmp/hsperfdata_danilo/13491
b7c6b000-b7c72000 r-xp 00000000 08:05 1206493    /lib/tls/i686/cmov/librt-2.7.so
b7c72000-b7c74000 rwxp 00006000 08:05 1206493    /lib/tls/i686/cmov/librt-2.7.so
b7c74000-b7c77000 ---p b7c74000 00:00 0 
b7c77000-b7d75000 rwxp b7c77000 00:00 0 
b7d75000-b7d98000 r-xp 00000000 08:05 1206337    /lib/tls/i686/cmov/libm-2.7.so
b7d98000-b7d9a000 rwxp 00023000 08:05 1206337    /lib/tls/i686/cmov/libm-2.7.so
b7d9a000-b7d9b000 rwxp b7d9a000 00:00 0 
b7d9b000-b7ee4000 r-xp 00000000 08:05 1206194    /lib/tls/i686/cmov/libc-2.7.so
b7ee4000-b7ee5000 r-xp 00149000 08:05 1206194    /lib/tls/i686/cmov/libc-2.7.so
b7ee5000-b7ee7000 rwxp 0014a000 08:05 1206194    /lib/tls/i686/cmov/libc-2.7.so
b7ee7000-b7eea000 rwxp b7ee7000 00:00 0 
b7eea000-b7eec000 r-xp 00000000 08:05 1206299    /lib/tls/i686/cmov/libdl-2.7.so
b7eec000-b7eee000 rwxp 00001000 08:05 1206299    /lib/tls/i686/cmov/libdl-2.7.so
b7eee000-b7ef5000 r-xp 00000000 08:05 850778     /usr/lib/jvm/java-6-sun-1.6.0.07/jre/lib/i386/jli/libjli.so
b7ef5000-b7ef7000 rwxp 00006000 08:05 850778     /usr/lib/jvm/java-6-sun-1.6.0.07/jre/lib/i386/jli/libjli.so
b7ef7000-b7ef8000 rwxp b7ef7000 00:00 0 
b7ef8000-b7f0c000 r-xp 00000000 08:05 1206484    /lib/tls/i686/cmov/libpthread-2.7.so
b7f0c000-b7f0e000 rwxp 00013000 08:05 1206484    /lib/tls/i686/cmov/libpthread-2.7.so
b7f0e000-b7f10000 rwxp b7f0e000 00:00 0 
b7f15000-b7f1d000 r-xp 00000000 08:05 1206478    /lib/tls/i686/cmov/libnss_nis-2.7.so
b7f1d000-b7f1f000 rwxp 00007000 08:05 1206478    /lib/tls/i686/cmov/libnss_nis-2.7.so
b7f1f000-b7f26000 r-xp 00000000 08:05 1206450    /lib/tls/i686/cmov/libnss_compat-2.7.so
b7f26000-b7f28000 rwxp 00006000 08:05 1206450    /lib/tls/i686/cmov/libnss_compat-2.7.so
b7f28000-b7f2e000 r-xp 00000000 08:05 850736     /usr/lib/jvm/java-6-sun-1.6.0.07/jre/lib/i386/native_threads/libhpi.so
b7f2e000-b7f2f000 rwxp 00006000 08:05 850736     /usr/lib/jvm/java-6-sun-1.6.0.07/jre/lib/i386/native_threads/libhpi.so
b7f2f000-b7f30000 rwxp b7f2f000 00:00 0 
b7f30000-b7f31000 r-xp b7f30000 00:00 0 
b7f31000-b7f33000 rwxp b7f31000 00:00 0 
b7f33000-b7f34000 r-xp b7f33000 00:00 0          [vdso]
b7f34000-b7f4e000 r-xp 00000000 08:05 1173726    /lib/ld-2.7.so
b7f4e000-b7f50000 rwxp 00019000 08:05 1173726    /lib/ld-2.7.so
bf9cd000-bf9e2000 rwxp bffeb000 00:00 0          [stack]

VM Arguments:
jvm_args: -Xmx378m -Xss1024k -Djruby.reflection=true -Djruby.compile.mode=OFF -Djruby.home=/home/danilo/Progetti/discovery_app/vendor/jruby-1.1.1 -Djruby.lib=/home/danilo/Progetti/discovery_app/vendor/jruby-1.1.1/lib -Djruby.script=jruby -Djruby.shell=/bin/sh 
java_command: org.jruby.Main -r /tmp/io-synchronizer46126.rb /home/danilo/Progetti/discovery_app/vendor/jruby-1.1.1/lib/ruby/gems/1.8/bin/rdebug-ide -p 58393 -- script/server --port 3000
Launcher Type: SUN_STANDARD

Environment Variables:
JAVA_HOME=/usr/lib/jvm/java-6-sun-1.6.0.07/jre
CLASSPATH=
PATH=/home/danilo/bin:/usr/local/sbin:/usr/local/bin:/usr/sbin:/usr/bin:/sbin:/bin:/usr/games
USERNAME=danilo
LD_LIBRARY_PATH=/usr/lib/jvm/java-6-sun-1.6.0.07/jre/lib/i386/server:/usr/lib/jvm/java-6-sun-1.6.0.07/jre/lib/i386:/usr/lib/jvm/java-6-sun-1.6.0.07/jre/../lib/i386:/usr/lib/jvm/java-6-sun-1.6.0.07/jre/lib/i386/client:/usr/lib/jvm/java-6-sun-1.6.0.07/jre/lib/i386:/usr/lib/jvm/java-6-sun-1.6.0.07/jre/../lib/i386
SHELL=/bin/bash
DISPLAY=:0.1

Signal Handlers:
SIGSEGV: [libjvm.so+0x5edc30], sa_mask[0]=0x7ffbfeff, sa_flags=0x10000004
SIGBUS: [libjvm.so+0x5edc30], sa_mask[0]=0x7ffbfeff, sa_flags=0x10000004
SIGFPE: [libjvm.so+0x4fc6a0], sa_mask[0]=0x7ffbfeff, sa_flags=0x10000004
SIGPIPE: [libjvm.so+0x4fc6a0], sa_mask[0]=0x7ffbfeff, sa_flags=0x10000004
SIGXFSZ: [libjvm.so+0x4fc6a0], sa_mask[0]=0x7ffbfeff, sa_flags=0x10000004
SIGILL: [libjvm.so+0x4fc6a0], sa_mask[0]=0x7ffbfeff, sa_flags=0x10000004
SIGUSR1: SIG_DFL, sa_mask[0]=0x00000000, sa_flags=0x00000000
SIGUSR2: [libjvm.so+0x4fe6e0], sa_mask[0]=0x00000004, sa_flags=0x10000004
SIGHUP: SIG_DFL, sa_mask[0]=0x00000000, sa_flags=0x00000000
SIGINT: SIG_IGN, sa_mask[0]=0x00000000, sa_flags=0x00000000
SIGTERM: SIG_DFL, sa_mask[0]=0x00000000, sa_flags=0x00000000
SIGQUIT: SIG_DFL, sa_mask[0]=0x00000000, sa_flags=0x00000000


---------------  S Y S T E M  ---------------

OS:lenny/sid

uname:Linux 2.6.24-17-generic #1 SMP Thu May 1 14:31:33 UTC 2008 i686
libc:glibc 2.7 NPTL 2.7 
rlimit: STACK 8192k, CORE 0k, NPROC 16135, NOFILE 1024, AS infinity
load average:1.04 0.88 0.80

CPU:total 2 (2 cores per cpu, 1 threads per core) family 6 model 15 stepping 6, cmov, cx8, fxsr, mmx, sse, sse2, sse3, ssse3

Memory: 4k page, physical 2044188k(309924k free), swap 1953116k(1953116k free)

vm_info: Java HotSpot(TM) Server VM (10.0-b23) for linux-x86 JRE (1.6.0_07-b06), built on Jun 10 2008 01:20:15 by "java_re" with gcc 3.2.1-7a (J2SE release)

time: Tue Sep 30 10:43:20 2008
elapsed time: 0 seconds

