#
# An unexpected error has been detected by Java Runtime Environment:
#
#  SIGSEGV (0xb) at pc=0x0636711d, pid=14551, tid=3084266384
#
# Java VM: Java HotSpot(TM) Server VM (10.0-b23 mixed mode linux-x86)
# Problematic frame:
# V  [libjvm.so+0x36711d]
#
# If you would like to submit a bug report, please visit:
#   http://java.sun.com/webapps/bugreport/crash.jsp
#

---------------  T H R E A D  ---------------

Current thread (0x08059c00):  JavaThread "Unknown thread" [_thread_in_vm, id=14556, stack(0xb7c62000,0xb7d63000)]

siginfo:si_signo=SIGSEGV: si_errno=0, si_code=1 (SEGV_MAPERR), si_addr=0x0835ad61

Registers:
EAX=0x00000000, EBX=0x08058610, ECX=0x08059c00, EDX=0x0000009c
ESP=0xb7d61e78, EBP=0xb7d61f50, ESI=0x08059ce4, EDI=0x08059ce4
EIP=0x0636711d, CR2=0x0835ad61, EFLAGS=0x00210246

Top of Stack: (sp=0xb7d61e78)
0xb7d61e78:   00000008 00000003 00000000 00000000
0xb7d61e88:   b7d61f70 b7d61f98 00000006 0000000e
0xb7d61e98:   00000008 00000000 00000000 000000b4
0xb7d61ea8:   08081a1c 000000b5 00000003 00000000
0xb7d61eb8:   b7d61ee8 0629cecf 991429e8 00000002
0xb7d61ec8:   08059c00 08059c00 00000000 b7d61f98
0xb7d61ed8:   b7d61f70 00000000 08081a18 08059c00
0xb7d61ee8:   b7d61f08 064941c1 08081a18 b7d61f98 

Instructions: (pc=0x0636711d)
0x0636710d:   00 00 04 01 00 8e 7d 1c 00 c0 04 04 04 12 00 01
0x0636711d:   00 8e 7d 10 30 00 14 40 00 00 08 01 00 8e 7d 00 

Stack: [0xb7c62000,0xb7d63000],  sp=0xb7d61e78,  free space=1023k
Native frames: (J=compiled Java code, j=interpreted, Vv=VM code, C=native code)
V  [libjvm.so+0x36711d]
v  ~BufferBlob::Interpreter
v  ~BufferBlob::StubRoutines (1)
V  [libjvm.so+0x3735bd]
V  [libjvm.so+0x4fd5d8]
V  [libjvm.so+0x3730e1]
V  [libjvm.so+0x373257]
V  [libjvm.so+0x5bb611]
V  [libjvm.so+0x5b9771]
V  [libjvm.so+0x39c4c3]
C  [java+0x2fcc]
C  [java+0x1942]  JavaMain+0x72
C  [libpthread.so.0+0x54fb]

Java frames: (J=compiled Java code, j=interpreted, Vv=VM code)
v  ~BufferBlob::Interpreter
v  ~BufferBlob::StubRoutines (1)

---------------  P R O C E S S  ---------------

Java Threads: ( => current thread )
=>0x08059c00 JavaThread "Unknown thread" [_thread_in_vm, id=14556, stack(0xb7c62000,0xb7d63000)]

Other Threads:
  0x080d9c00 VMThread [stack: 0x98c2a000,0x98cab000] [id=14559]

VM state:not at safepoint (normal execution)

VM Mutex/Monitor currently owned by a thread: None

Heap
 PSYoungGen      total 3584K, used 61K [0xb2110000, 0xb2510000, 0xb4b10000)
  eden space 3072K, 2% used [0xb2110000,0xb211f5d0,0xb2410000)
  from space 512K, 0% used [0xb2490000,0xb2490000,0xb2510000)
  to   space 512K, 0% used [0xb2410000,0xb2410000,0xb2490000)
 PSOldGen        total 4096K, used 0K [0x9d110000, 0x9d510000, 0xb2110000)
  object space 4096K, 0% used [0x9d110000,0x9d110000,0x9d510000)
 PSPermGen       total 16384K, used 482K [0x99110000, 0x9a110000, 0x9d110000)
  object space 16384K, 2% used [0x99110000,0x991889e8,0x9a110000)

Dynamic libraries:
06000000-0665d000 r-xp 00000000 08:05 850742     /usr/lib/jvm/java-6-sun-1.6.0.07/jre/lib/i386/server/libjvm.so
0665d000-066a1000 rwxp 0065c000 08:05 850742     /usr/lib/jvm/java-6-sun-1.6.0.07/jre/lib/i386/server/libjvm.so
066a1000-06ac3000 rwxp 066a1000 00:00 0 
08048000-08052000 r-xp 00000000 08:05 850637     /usr/lib/jvm/java-6-sun-1.6.0.07/jre/bin/java
08052000-08053000 rwxp 00009000 08:05 850637     /usr/lib/jvm/java-6-sun-1.6.0.07/jre/bin/java
08053000-080e9000 rwxp 08053000 00:00 0          [heap]
98c2a000-98c2b000 ---p 98c2a000 00:00 0 
98c2b000-98cdd000 rwxp 98c2b000 00:00 0 
98cdd000-98e68000 r-xs 02def000 08:05 851524     /usr/lib/jvm/java-6-sun-1.6.0.07/jre/lib/rt.jar
98e68000-98e69000 ---p 98e68000 00:00 0 
98e69000-98ee9000 rwxp 98e69000 00:00 0 
98ee9000-98eea000 ---p 98ee9000 00:00 0 
98eea000-98f72000 rwxp 98eea000 00:00 0 
98f72000-98f8a000 rwxp 98f72000 00:00 0 
98f8a000-98f8c000 rwxp 98f8a000 00:00 0 
98f8c000-99032000 rwxp 98f8c000 00:00 0 
99032000-9903a000 rwxp 99032000 00:00 0 
9903a000-99052000 rwxp 9903a000 00:00 0 
99052000-99054000 rwxp 99052000 00:00 0 
99054000-990fa000 rwxp 99054000 00:00 0 
990fa000-990fc000 rwxp 990fa000 00:00 0 
990fc000-9910f000 rwxp 990fc000 00:00 0 
9910f000-9a110000 rwxp 9910f000 00:00 0 
9a110000-9d110000 rwxp 9a110000 00:00 0 
9d110000-9d510000 rwxp 9d110000 00:00 0 
9d510000-b2110000 rwxp 9d510000 00:00 0 
b2110000-b2510000 rwxp b2110000 00:00 0 
b2510000-b4b10000 rwxp b2510000 00:00 0 
b4b1f000-b4b28000 rwxp b4b1f000 00:00 0 
b4b28000-b4bdf000 rwxp b4b28000 00:00 0 
b4bdf000-b4e1f000 rwxp b4bdf000 00:00 0 
b4e1f000-b7bdf000 rwxp b4e1f000 00:00 0 
b7bdf000-b7bee000 r-xp 00000000 08:05 850780     /usr/lib/jvm/java-6-sun-1.6.0.07/jre/lib/i386/libzip.so
b7bee000-b7bf0000 rwxp 0000e000 08:05 850780     /usr/lib/jvm/java-6-sun-1.6.0.07/jre/lib/i386/libzip.so
b7bf0000-b7c13000 r-xp 00000000 08:05 850772     /usr/lib/jvm/java-6-sun-1.6.0.07/jre/lib/i386/libjava.so
b7c13000-b7c15000 rwxp 00023000 08:05 850772     /usr/lib/jvm/java-6-sun-1.6.0.07/jre/lib/i386/libjava.so
b7c15000-b7c1e000 r-xp 00000000 08:05 1206452    /lib/tls/i686/cmov/libnss_files-2.7.so
b7c1e000-b7c20000 rwxp 00008000 08:05 1206452    /lib/tls/i686/cmov/libnss_files-2.7.so
b7c20000-b7c34000 r-xp 00000000 08:05 1206339    /lib/tls/i686/cmov/libnsl-2.7.so
b7c34000-b7c36000 rwxp 00013000 08:05 1206339    /lib/tls/i686/cmov/libnsl-2.7.so
b7c36000-b7c38000 rwxp b7c36000 00:00 0 
b7c45000-b7c50000 r-xp 00000000 08:05 850769     /usr/lib/jvm/java-6-sun-1.6.0.07/jre/lib/i386/libverify.so
b7c50000-b7c51000 rwxp 0000b000 08:05 850769     /usr/lib/jvm/java-6-sun-1.6.0.07/jre/lib/i386/libverify.so
b7c51000-b7c59000 rwxs 00000000 08:05 765868     /tmp/hsperfdata_danilo/14551
b7c59000-b7c60000 r-xp 00000000 08:05 1206493    /lib/tls/i686/cmov/librt-2.7.so
b7c60000-b7c62000 rwxp 00006000 08:05 1206493    /lib/tls/i686/cmov/librt-2.7.so
b7c62000-b7c65000 ---p b7c62000 00:00 0 
b7c65000-b7d63000 rwxp b7c65000 00:00 0 
b7d63000-b7d86000 r-xp 00000000 08:05 1206337    /lib/tls/i686/cmov/libm-2.7.so
b7d86000-b7d88000 rwxp 00023000 08:05 1206337    /lib/tls/i686/cmov/libm-2.7.so
b7d88000-b7d89000 rwxp b7d88000 00:00 0 
b7d89000-b7ed2000 r-xp 00000000 08:05 1206194    /lib/tls/i686/cmov/libc-2.7.so
b7ed2000-b7ed3000 r-xp 00149000 08:05 1206194    /lib/tls/i686/cmov/libc-2.7.so
b7ed3000-b7ed5000 rwxp 0014a000 08:05 1206194    /lib/tls/i686/cmov/libc-2.7.so
b7ed5000-b7ed8000 rwxp b7ed5000 00:00 0 
b7ed8000-b7eda000 r-xp 00000000 08:05 1206299    /lib/tls/i686/cmov/libdl-2.7.so
b7eda000-b7edc000 rwxp 00001000 08:05 1206299    /lib/tls/i686/cmov/libdl-2.7.so
b7edc000-b7ee3000 r-xp 00000000 08:05 850778     /usr/lib/jvm/java-6-sun-1.6.0.07/jre/lib/i386/jli/libjli.so
b7ee3000-b7ee5000 rwxp 00006000 08:05 850778     /usr/lib/jvm/java-6-sun-1.6.0.07/jre/lib/i386/jli/libjli.so
b7ee5000-b7ee6000 rwxp b7ee5000 00:00 0 
b7ee6000-b7efa000 r-xp 00000000 08:05 1206484    /lib/tls/i686/cmov/libpthread-2.7.so
b7efa000-b7efc000 rwxp 00013000 08:05 1206484    /lib/tls/i686/cmov/libpthread-2.7.so
b7efc000-b7efe000 rwxp b7efc000 00:00 0 
b7f03000-b7f0b000 r-xp 00000000 08:05 1206478    /lib/tls/i686/cmov/libnss_nis-2.7.so
b7f0b000-b7f0d000 rwxp 00007000 08:05 1206478    /lib/tls/i686/cmov/libnss_nis-2.7.so
b7f0d000-b7f14000 r-xp 00000000 08:05 1206450    /lib/tls/i686/cmov/libnss_compat-2.7.so
b7f14000-b7f16000 rwxp 00006000 08:05 1206450    /lib/tls/i686/cmov/libnss_compat-2.7.so
b7f16000-b7f1c000 r-xp 00000000 08:05 850736     /usr/lib/jvm/java-6-sun-1.6.0.07/jre/lib/i386/native_threads/libhpi.so
b7f1c000-b7f1d000 rwxp 00006000 08:05 850736     /usr/lib/jvm/java-6-sun-1.6.0.07/jre/lib/i386/native_threads/libhpi.so
b7f1d000-b7f1e000 rwxp b7f1d000 00:00 0 
b7f1e000-b7f1f000 r-xp b7f1e000 00:00 0 
b7f1f000-b7f21000 rwxp b7f1f000 00:00 0 
b7f21000-b7f22000 r-xp b7f21000 00:00 0          [vdso]
b7f22000-b7f3c000 r-xp 00000000 08:05 1173726    /lib/ld-2.7.so
b7f3c000-b7f3e000 rwxp 00019000 08:05 1173726    /lib/ld-2.7.so
bf831000-bf846000 rwxp bffeb000 00:00 0          [stack]

VM Arguments:
jvm_args: -Xmx378m -Xss1024k -Djruby.reflection=true -Djruby.compile.mode=OFF -Djruby.home=/home/danilo/Progetti/discovery_app/vendor/jruby-1.1.1 -Djruby.lib=/home/danilo/Progetti/discovery_app/vendor/jruby-1.1.1/lib -Djruby.script=jruby -Djruby.shell=/bin/sh 
java_command: org.jruby.Main -r /tmp/io-synchronizer25141.rb /home/danilo/Progetti/discovery_app/vendor/jruby-1.1.1/lib/ruby/gems/1.8/bin/rdebug-ide -p 38705 -- script/server --port 3000
Launcher Type: SUN_STANDARD

Environment Variables:
JAVA_HOME=/usr/lib/jvm/java-6-sun-1.6.0.07/jre
CLASSPATH=
PATH=/home/danilo/bin:/usr/local/sbin:/usr/local/bin:/usr/sbin:/usr/bin:/sbin:/bin:/usr/games
USERNAME=danilo
LD_LIBRARY_PATH=/usr/lib/jvm/java-6-sun-1.6.0.07/jre/lib/i386/server:/usr/lib/jvm/java-6-sun-1.6.0.07/jre/lib/i386:/usr/lib/jvm/java-6-sun-1.6.0.07/jre/../lib/i386:/usr/lib/jvm/java-6-sun-1.6.0.07/jre/lib/i386/client:/usr/lib/jvm/java-6-sun-1.6.0.07/jre/lib/i386:/usr/lib/jvm/java-6-sun-1.6.0.07/jre/../lib/i386
SHELL=/bin/bash
DISPLAY=:0.1

Signal Handlers:
SIGSEGV: [libjvm.so+0x5edc30], sa_mask[0]=0x7ffbfeff, sa_flags=0x10000004
SIGBUS: [libjvm.so+0x5edc30], sa_mask[0]=0x7ffbfeff, sa_flags=0x10000004
SIGFPE: [libjvm.so+0x4fc6a0], sa_mask[0]=0x7ffbfeff, sa_flags=0x10000004
SIGPIPE: [libjvm.so+0x4fc6a0], sa_mask[0]=0x7ffbfeff, sa_flags=0x10000004
SIGXFSZ: [libjvm.so+0x4fc6a0], sa_mask[0]=0x7ffbfeff, sa_flags=0x10000004
SIGILL: [libjvm.so+0x4fc6a0], sa_mask[0]=0x7ffbfeff, sa_flags=0x10000004
SIGUSR1: SIG_DFL, sa_mask[0]=0x00000000, sa_flags=0x00000000
SIGUSR2: [libjvm.so+0x4fe6e0], sa_mask[0]=0x00000004, sa_flags=0x10000004
SIGHUP: SIG_DFL, sa_mask[0]=0x00000000, sa_flags=0x00000000
SIGINT: SIG_IGN, sa_mask[0]=0x00000000, sa_flags=0x00000000
SIGTERM: SIG_DFL, sa_mask[0]=0x00000000, sa_flags=0x00000000
SIGQUIT: SIG_DFL, sa_mask[0]=0x00000000, sa_flags=0x00000000


---------------  S Y S T E M  ---------------

OS:lenny/sid

uname:Linux 2.6.24-17-generic #1 SMP Thu May 1 14:31:33 UTC 2008 i686
libc:glibc 2.7 NPTL 2.7 
rlimit: STACK 8192k, CORE 0k, NPROC 16135, NOFILE 1024, AS infinity
load average:2.62 1.53 1.07

CPU:total 2 (2 cores per cpu, 1 threads per core) family 6 model 15 stepping 6, cmov, cx8, fxsr, mmx, sse, sse2, sse3, ssse3

Memory: 4k page, physical 2044188k(201740k free), swap 1953116k(1953116k free)

vm_info: Java HotSpot(TM) Server VM (10.0-b23) for linux-x86 JRE (1.6.0_07-b06), built on Jun 10 2008 01:20:15 by "java_re" with gcc 3.2.1-7a (J2SE release)

time: Tue Sep 30 10:49:38 2008
elapsed time: 0 seconds

