#
# An unexpected error has been detected by Java Runtime Environment:
#
#  SIGSEGV (0xb) at pc=0x0636711d, pid=14749, tid=3084368784
#
# Java VM: Java HotSpot(TM) Server VM (10.0-b23 mixed mode linux-x86)
# Problematic frame:
# V  [libjvm.so+0x36711d]
#
# If you would like to submit a bug report, please visit:
#   http://java.sun.com/webapps/bugreport/crash.jsp
#

---------------  T H R E A D  ---------------

Current thread (0x08059c00):  JavaThread "Unknown thread" [_thread_in_vm, id=14750, stack(0xb7c7b000,0xb7d7c000)]

siginfo:si_signo=SIGSEGV: si_errno=0, si_code=1 (SEGV_MAPERR), si_addr=0x0835ad61

Registers:
EAX=0x00000000, EBX=0x080584e8, ECX=0x08059c00, EDX=0x0000009c
ESP=0xb7d7ae78, EBP=0xb7d7af50, ESI=0x08059ce4, EDI=0x08059ce4
EIP=0x0636711d, CR2=0x0835ad61, EFLAGS=0x00210246

Top of Stack: (sp=0xb7d7ae78)
0xb7d7ae78:   00000008 00000003 00000000 00000000
0xb7d7ae88:   b7d7af70 b7d7af98 00000006 0000000e
0xb7d7ae98:   00000008 00000000 00000000 000000b4
0xb7d7aea8:   080818f4 000000b5 00000003 00000000
0xb7d7aeb8:   b7d7aee8 0629cecf 90b629e8 00000002
0xb7d7aec8:   08059c00 08059c00 00000000 b7d7af98
0xb7d7aed8:   b7d7af70 00000000 080818f0 08059c00
0xb7d7aee8:   b7d7af08 064941c1 080818f0 b7d7af98 

Instructions: (pc=0x0636711d)
0x0636710d:   00 00 04 01 00 8e 7d 1c 00 c0 04 04 04 12 00 01
0x0636711d:   00 8e 7d 10 30 00 14 40 00 00 08 01 00 8e 7d 00 

Stack: [0xb7c7b000,0xb7d7c000],  sp=0xb7d7ae78,  free space=1023k
Native frames: (J=compiled Java code, j=interpreted, Vv=VM code, C=native code)
V  [libjvm.so+0x36711d]
v  ~BufferBlob::Interpreter
v  ~BufferBlob::StubRoutines (1)
V  [libjvm.so+0x3735bd]
V  [libjvm.so+0x4fd5d8]
V  [libjvm.so+0x3730e1]
V  [libjvm.so+0x373257]
V  [libjvm.so+0x5bb611]
V  [libjvm.so+0x5b9771]
V  [libjvm.so+0x39c4c3]
C  [java+0x2fcc]
C  [java+0x1942]  JavaMain+0x72
C  [libpthread.so.0+0x54fb]

Java frames: (J=compiled Java code, j=interpreted, Vv=VM code)
v  ~BufferBlob::Interpreter
v  ~BufferBlob::StubRoutines (1)

---------------  P R O C E S S  ---------------

Java Threads: ( => current thread )
=>0x08059c00 JavaThread "Unknown thread" [_thread_in_vm, id=14750, stack(0xb7c7b000,0xb7d7c000)]

Other Threads:
  0x080d9800 VMThread [stack: 0x905cb000,0x9064c000] [id=14761]

VM state:not at safepoint (normal execution)

VM Mutex/Monitor currently owned by a thread: None

Heap
 PSYoungGen      total 3584K, used 61K [0xb1250000, 0xb1650000, 0xb4b30000)
  eden space 3072K, 2% used [0xb1250000,0xb125f5d0,0xb1550000)
  from space 512K, 0% used [0xb15d0000,0xb15d0000,0xb1650000)
  to   space 512K, 0% used [0xb1550000,0xb1550000,0xb15d0000)
 PSOldGen        total 4096K, used 0K [0x94b30000, 0x94f30000, 0xb1250000)
  object space 4096K, 0% used [0x94b30000,0x94b30000,0x94f30000)
 PSPermGen       total 16384K, used 482K [0x90b30000, 0x91b30000, 0x94b30000)
  object space 16384K, 2% used [0x90b30000,0x90ba89e8,0x91b30000)

Dynamic libraries:
06000000-0665d000 r-xp 00000000 08:05 850742     /usr/lib/jvm/java-6-sun-1.6.0.07/jre/lib/i386/server/libjvm.so
0665d000-066a1000 rwxp 0065c000 08:05 850742     /usr/lib/jvm/java-6-sun-1.6.0.07/jre/lib/i386/server/libjvm.so
066a1000-06ac3000 rwxp 066a1000 00:00 0 
08048000-08052000 r-xp 00000000 08:05 850637     /usr/lib/jvm/java-6-sun-1.6.0.07/jre/bin/java
08052000-08053000 rwxp 00009000 08:05 850637     /usr/lib/jvm/java-6-sun-1.6.0.07/jre/bin/java
08053000-080e9000 rwxp 08053000 00:00 0          [heap]
905cb000-905cc000 ---p 905cb000 00:00 0 
905cc000-9067e000 rwxp 905cc000 00:00 0 
9067e000-90809000 r-xs 02def000 08:05 851524     /usr/lib/jvm/java-6-sun-1.6.0.07/jre/lib/rt.jar
90809000-9080a000 ---p 90809000 00:00 0 
9080a000-9088a000 rwxp 9080a000 00:00 0 
9088a000-9088b000 ---p 9088a000 00:00 0 
9088b000-90913000 rwxp 9088b000 00:00 0 
90913000-9092b000 rwxp 90913000 00:00 0 
9092b000-9092d000 rwxp 9092b000 00:00 0 
9092d000-90a0f000 rwxp 9092d000 00:00 0 
90a0f000-90a17000 rwxp 90a0f000 00:00 0 
90a17000-90a2f000 rwxp 90a17000 00:00 0 
90a2f000-90a31000 rwxp 90a2f000 00:00 0 
90a31000-90b12000 rwxp 90a31000 00:00 0 
90b12000-90b15000 rwxp 90b12000 00:00 0 
90b15000-90b2f000 rwxp 90b15000 00:00 0 
90b2f000-91b30000 rwxp 90b2f000 00:00 0 
91b30000-94b30000 rwxp 91b30000 00:00 0 
94b30000-94f30000 rwxp 94b30000 00:00 0 
94f30000-b1250000 rwxp 94f30000 00:00 0 
b1250000-b1650000 rwxp b1250000 00:00 0 
b1650000-b4b30000 rwxp b1650000 00:00 0 
b4b38000-b4b41000 rwxp b4b38000 00:00 0 
b4b41000-b4bf8000 rwxp b4b41000 00:00 0 
b4bf8000-b4e38000 rwxp b4bf8000 00:00 0 
b4e38000-b7bf8000 rwxp b4e38000 00:00 0 
b7bf8000-b7c07000 r-xp 00000000 08:05 850780     /usr/lib/jvm/java-6-sun-1.6.0.07/jre/lib/i386/libzip.so
b7c07000-b7c09000 rwxp 0000e000 08:05 850780     /usr/lib/jvm/java-6-sun-1.6.0.07/jre/lib/i386/libzip.so
b7c09000-b7c2c000 r-xp 00000000 08:05 850772     /usr/lib/jvm/java-6-sun-1.6.0.07/jre/lib/i386/libjava.so
b7c2c000-b7c2e000 rwxp 00023000 08:05 850772     /usr/lib/jvm/java-6-sun-1.6.0.07/jre/lib/i386/libjava.so
b7c2e000-b7c37000 r-xp 00000000 08:05 1206452    /lib/tls/i686/cmov/libnss_files-2.7.so
b7c37000-b7c39000 rwxp 00008000 08:05 1206452    /lib/tls/i686/cmov/libnss_files-2.7.so
b7c39000-b7c4d000 r-xp 00000000 08:05 1206339    /lib/tls/i686/cmov/libnsl-2.7.so
b7c4d000-b7c4f000 rwxp 00013000 08:05 1206339    /lib/tls/i686/cmov/libnsl-2.7.so
b7c4f000-b7c51000 rwxp b7c4f000 00:00 0 
b7c5e000-b7c69000 r-xp 00000000 08:05 850769     /usr/lib/jvm/java-6-sun-1.6.0.07/jre/lib/i386/libverify.so
b7c69000-b7c6a000 rwxp 0000b000 08:05 850769     /usr/lib/jvm/java-6-sun-1.6.0.07/jre/lib/i386/libverify.so
b7c6a000-b7c72000 rwxs 00000000 08:05 765868     /tmp/hsperfdata_danilo/14749
b7c72000-b7c79000 r-xp 00000000 08:05 1206493    /lib/tls/i686/cmov/librt-2.7.so
b7c79000-b7c7b000 rwxp 00006000 08:05 1206493    /lib/tls/i686/cmov/librt-2.7.so
b7c7b000-b7c7e000 ---p b7c7b000 00:00 0 
b7c7e000-b7d7c000 rwxp b7c7e000 00:00 0 
b7d7c000-b7d9f000 r-xp 00000000 08:05 1206337    /lib/tls/i686/cmov/libm-2.7.so
b7d9f000-b7da1000 rwxp 00023000 08:05 1206337    /lib/tls/i686/cmov/libm-2.7.so
b7da1000-b7da2000 rwxp b7da1000 00:00 0 
b7da2000-b7eeb000 r-xp 00000000 08:05 1206194    /lib/tls/i686/cmov/libc-2.7.so
b7eeb000-b7eec000 r-xp 00149000 08:05 1206194    /lib/tls/i686/cmov/libc-2.7.so
b7eec000-b7eee000 rwxp 0014a000 08:05 1206194    /lib/tls/i686/cmov/libc-2.7.so
b7eee000-b7ef1000 rwxp b7eee000 00:00 0 
b7ef1000-b7ef3000 r-xp 00000000 08:05 1206299    /lib/tls/i686/cmov/libdl-2.7.so
b7ef3000-b7ef5000 rwxp 00001000 08:05 1206299    /lib/tls/i686/cmov/libdl-2.7.so
b7ef5000-b7efc000 r-xp 00000000 08:05 850778     /usr/lib/jvm/java-6-sun-1.6.0.07/jre/lib/i386/jli/libjli.so
b7efc000-b7efe000 rwxp 00006000 08:05 850778     /usr/lib/jvm/java-6-sun-1.6.0.07/jre/lib/i386/jli/libjli.so
b7efe000-b7eff000 rwxp b7efe000 00:00 0 
b7eff000-b7f13000 r-xp 00000000 08:05 1206484    /lib/tls/i686/cmov/libpthread-2.7.so
b7f13000-b7f15000 rwxp 00013000 08:05 1206484    /lib/tls/i686/cmov/libpthread-2.7.so
b7f15000-b7f17000 rwxp b7f15000 00:00 0 
b7f1c000-b7f24000 r-xp 00000000 08:05 1206478    /lib/tls/i686/cmov/libnss_nis-2.7.so
b7f24000-b7f26000 rwxp 00007000 08:05 1206478    /lib/tls/i686/cmov/libnss_nis-2.7.so
b7f26000-b7f2d000 r-xp 00000000 08:05 1206450    /lib/tls/i686/cmov/libnss_compat-2.7.so
b7f2d000-b7f2f000 rwxp 00006000 08:05 1206450    /lib/tls/i686/cmov/libnss_compat-2.7.so
b7f2f000-b7f35000 r-xp 00000000 08:05 850736     /usr/lib/jvm/java-6-sun-1.6.0.07/jre/lib/i386/native_threads/libhpi.so
b7f35000-b7f36000 rwxp 00006000 08:05 850736     /usr/lib/jvm/java-6-sun-1.6.0.07/jre/lib/i386/native_threads/libhpi.so
b7f36000-b7f37000 rwxp b7f36000 00:00 0 
b7f37000-b7f38000 r-xp b7f37000 00:00 0 
b7f38000-b7f3a000 rwxp b7f38000 00:00 0 
b7f3a000-b7f3b000 r-xp b7f3a000 00:00 0          [vdso]
b7f3b000-b7f55000 r-xp 00000000 08:05 1173726    /lib/ld-2.7.so
b7f55000-b7f57000 rwxp 00019000 08:05 1173726    /lib/ld-2.7.so
bfbb9000-bfbce000 rwxp bffeb000 00:00 0          [stack]

VM Arguments:
jvm_args: -Xverify:none -da -Xmx512m -Xss1024k -Djruby.base=/home/danilo/Progetti/discovery_app/vendor/jruby-1.1.1 -Djruby.home=/home/danilo/Progetti/discovery_app/vendor/jruby-1.1.1 -Djruby.lib=/home/danilo/Progetti/discovery_app/vendor/jruby-1.1.1/lib -Djruby.shell=/bin/sh -Djruby.script=jruby 
java_command: org.jruby.Main script/server --port 3000
Launcher Type: SUN_STANDARD

Environment Variables:
JAVA_HOME=/usr/lib/jvm/java-6-sun-1.6.0.07/jre
PATH=/home/danilo/Progetti/discovery_app/vendor/jruby-1.1.1/bin:/home/danilo/bin:/usr/local/sbin:/usr/local/bin:/usr/sbin:/usr/bin:/sbin:/bin:/usr/games
USERNAME=danilo
LD_LIBRARY_PATH=/usr/lib/jvm/java-6-sun-1.6.0.07/jre/lib/i386/server:/usr/lib/jvm/java-6-sun-1.6.0.07/jre/lib/i386:/usr/lib/jvm/java-6-sun-1.6.0.07/jre/../lib/i386:/usr/lib/jvm/java-6-sun-1.6.0.07/jre/lib/i386/client:/usr/lib/jvm/java-6-sun-1.6.0.07/jre/lib/i386:/usr/lib/jvm/java-6-sun-1.6.0.07/jre/../lib/i386
SHELL=/bin/bash
DISPLAY=:0.1

Signal Handlers:
SIGSEGV: [libjvm.so+0x5edc30], sa_mask[0]=0x7ffbfeff, sa_flags=0x10000004
SIGBUS: [libjvm.so+0x5edc30], sa_mask[0]=0x7ffbfeff, sa_flags=0x10000004
SIGFPE: [libjvm.so+0x4fc6a0], sa_mask[0]=0x7ffbfeff, sa_flags=0x10000004
SIGPIPE: [libjvm.so+0x4fc6a0], sa_mask[0]=0x7ffbfeff, sa_flags=0x10000004
SIGXFSZ: [libjvm.so+0x4fc6a0], sa_mask[0]=0x7ffbfeff, sa_flags=0x10000004
SIGILL: [libjvm.so+0x4fc6a0], sa_mask[0]=0x7ffbfeff, sa_flags=0x10000004
SIGUSR1: SIG_DFL, sa_mask[0]=0x00000000, sa_flags=0x00000000
SIGUSR2: [libjvm.so+0x4fe6e0], sa_mask[0]=0x00000004, sa_flags=0x10000004
SIGHUP: SIG_DFL, sa_mask[0]=0x00000000, sa_flags=0x00000000
SIGINT: SIG_IGN, sa_mask[0]=0x00000000, sa_flags=0x00000000
SIGTERM: SIG_DFL, sa_mask[0]=0x00000000, sa_flags=0x00000000
SIGQUIT: SIG_DFL, sa_mask[0]=0x00000000, sa_flags=0x00000000


---------------  S Y S T E M  ---------------

OS:lenny/sid

uname:Linux 2.6.24-17-generic #1 SMP Thu May 1 14:31:33 UTC 2008 i686
libc:glibc 2.7 NPTL 2.7 
rlimit: STACK 8192k, CORE 0k, NPROC 16135, NOFILE 1024, AS infinity
load average:1.13 1.37 1.06

CPU:total 2 (2 cores per cpu, 1 threads per core) family 6 model 15 stepping 6, cmov, cx8, fxsr, mmx, sse, sse2, sse3, ssse3

Memory: 4k page, physical 2044188k(165488k free), swap 1953116k(1953116k free)

vm_info: Java HotSpot(TM) Server VM (10.0-b23) for linux-x86 JRE (1.6.0_07-b06), built on Jun 10 2008 01:20:15 by "java_re" with gcc 3.2.1-7a (J2SE release)

time: Tue Sep 30 10:51:17 2008
elapsed time: 0 seconds

