#
# An unexpected error has been detected by Java Runtime Environment:
#
#  SIGSEGV (0xb) at pc=0x061088cc, pid=19428, tid=3041659792
#
# Java VM: Java HotSpot(TM) Client VM (10.0-b23 mixed mode, sharing linux-x86)
# Problematic frame:
# V  [libjvm.so+0x1088cc]
#
# If you would like to submit a bug report, please visit:
#   http://java.sun.com/webapps/bugreport/crash.jsp
# The crash happened outside the Java Virtual Machine in native code.
# See problematic frame for where to report the bug.
#

---------------  T H R E A D  ---------------

Current thread (0x0808d400):  JavaThread "CompilerThread0" daemon [_thread_in_native, id=19438, stack(0xb5440000,0xb54c1000)]

siginfo:si_signo=SIGSEGV: si_errno=0, si_code=1 (SEGV_MAPERR), si_addr=0xd4c67930

Registers:
EAX=0x00000002, EBX=0xb4dcbed8, ECX=0x00000001, EDX=0x00000007
ESP=0xb54bfdd0, EBP=0xb54bfe18, ESI=0xd4c67930, EDI=0xb54bfe60
EIP=0x061088cc, CR2=0xd4c67930, EFLAGS=0x00010212

Top of Stack: (sp=0xb54bfdd0)
0xb54bfdd0:   b4934c08 b54bfeac b54bfe94 06108792
0xb54bfde0:   ffffffff b49371c8 00000024 b54bfea0
0xb54bfdf0:   b4c67958 000003d2 00000146 b4938718
0xb54bfe00:   b493876c 00000020 b4934c5c b54bfe74
0xb54bfe10:   b54bfe60 b54bfeac b54bfe48 06108627
0xb54bfe20:   b54bfe60 b4934c08 00000000 b4938748
0xb54bfe30:   b49285f0 b54bfe7c b54bfe74 b4dca950
0xb54bfe40:   b54c0060 b54bff30 b54bfec8 0610927a 

Instructions: (pc=0x061088cc)
0x061088bc:   1f c1 ee 05 c1 e6 02 01 c6 b8 01 00 00 00 d3 e0
0x061088cc:   8b 16 09 c2 89 16 8b 57 4c 4a 89 57 4c 8b 5d bc 

Stack: [0xb5440000,0xb54c1000],  sp=0xb54bfdd0,  free space=511k
Native frames: (J=compiled Java code, j=interpreted, Vv=VM code, C=native code)
V  [libjvm.so+0x1088cc]
V  [libjvm.so+0x108627]
V  [libjvm.so+0x10927a]
V  [libjvm.so+0xefbca]
V  [libjvm.so+0xeff7b]
V  [libjvm.so+0xf0195]
V  [libjvm.so+0xf0825]
V  [libjvm.so+0xf0f1a]
V  [libjvm.so+0x19f0ba]
V  [libjvm.so+0x19eac6]
V  [libjvm.so+0x391ffd]
V  [libjvm.so+0x311469]
C  [libpthread.so.0+0x54fb]


Current CompileTask:
C1:4294  !   ruby.jit.ruby.home.danilo.Progetti.discovery_app.vendor.jruby_minus_1_dot_1_dot_3.lib.ruby.$1_dot_8.open_minus_uri.open_loop281355_21362147.rescue_1$RUBY$__rescue__(Lorg/jruby/runtime/ThreadContext;Lorg/jruby/runtime/builtin/IRubyObject;Lorg/jruby/runtime/Block;)Lorg/jruby/runtime/builtin/IRubyObject; (665 bytes)


---------------  P R O C E S S  ---------------

Java Threads: ( => current thread )
  0x08098000 JavaThread "Low Memory Detector" daemon [_thread_blocked, id=19439, stack(0xb533f000,0xb5440000)]
=>0x0808d400 JavaThread "CompilerThread0" daemon [_thread_in_native, id=19438, stack(0xb5440000,0xb54c1000)]
  0x0808c000 JavaThread "Signal Dispatcher" daemon [_thread_blocked, id=19437, stack(0xb54c1000,0xb55c2000)]
  0x08083000 JavaThread "Finalizer" daemon [_thread_blocked, id=19436, stack(0xb56cf000,0xb57d0000)]
  0x08081c00 JavaThread "Reference Handler" daemon [_thread_blocked, id=19435, stack(0xb57d0000,0xb58d1000)]
  0x08059c00 JavaThread "main" [_thread_in_native, id=19433, stack(0xb7c82000,0xb7d83000)]

Other Threads:
  0x08080800 VMThread [stack: 0xb58d1000,0xb5952000] [id=19434]
  0x080b3800 WatcherThread [stack: 0xb52be000,0xb533f000] [id=19440]

VM state:not at safepoint (normal execution)

VM Mutex/Monitor currently owned by a thread: None

Heap
 def new generation   total 35456K, used 15988K [0x70c20000, 0x73290000, 0x73290000)
  eden space 31552K,  49% used [0x70c20000, 0x71b69908, 0x72af0000)
  from space 3904K,   8% used [0x72af0000, 0x72b43768, 0x72ec0000)
  to   space 3904K,   0% used [0x72ec0000, 0x72ec0000, 0x73290000)
 tenured generation   total 472640K, used 430672K [0x73290000, 0x90020000, 0x90020000)
   the space 472640K,  91% used [0x73290000, 0x8d724358, 0x8d724400, 0x90020000)
 compacting perm gen  total 18688K, used 18609K [0x90020000, 0x91260000, 0x94020000)
   the space 18688K,  99% used [0x90020000, 0x9124c730, 0x9124c800, 0x91260000)
    ro space 8192K,  73% used [0x94020000, 0x946035a8, 0x94603600, 0x94820000)
    rw space 12288K,  58% used [0x94820000, 0x94f18878, 0x94f18a00, 0x95420000)

Dynamic libraries:
06000000-0641b000 r-xp 00000000 08:05 850754     /usr/lib/jvm/java-6-sun-1.6.0.07/jre/lib/i386/client/libjvm.so
0641b000-06435000 rwxp 0041a000 08:05 850754     /usr/lib/jvm/java-6-sun-1.6.0.07/jre/lib/i386/client/libjvm.so
06435000-06855000 rwxp 06435000 00:00 0 
08048000-08052000 r-xp 00000000 08:05 850637     /usr/lib/jvm/java-6-sun-1.6.0.07/jre/bin/java
08052000-08053000 rwxp 00009000 08:05 850637     /usr/lib/jvm/java-6-sun-1.6.0.07/jre/bin/java
08053000-083cb000 rwxp 08053000 00:00 0          [heap]
70c20000-73290000 rwxp 70c20000 00:00 0 
73290000-90020000 rwxp 73290000 00:00 0 
90020000-91260000 rwxp 90020000 00:00 0 
91260000-94020000 rwxp 91260000 00:00 0 
94020000-94604000 r-xs 00001000 08:05 847782     /usr/lib/jvm/java-6-sun-1.6.0.07/jre/lib/i386/client/classes.jsa
94604000-94820000 rwxp 94604000 00:00 0 
94820000-94f19000 rwxp 005e5000 08:05 847782     /usr/lib/jvm/java-6-sun-1.6.0.07/jre/lib/i386/client/classes.jsa
94f19000-95420000 rwxp 94f19000 00:00 0 
95420000-954f9000 rwxp 00cde000 08:05 847782     /usr/lib/jvm/java-6-sun-1.6.0.07/jre/lib/i386/client/classes.jsa
954f9000-95820000 rwxp 954f9000 00:00 0 
95820000-95824000 r-xs 00db7000 08:05 847782     /usr/lib/jvm/java-6-sun-1.6.0.07/jre/lib/i386/client/classes.jsa
95824000-95c20000 rwxp 95824000 00:00 0 
b3f00000-b3ffb000 rwxp b3f00000 00:00 0 
b3ffb000-b4000000 ---p b3ffb000 00:00 0 
b40ff000-b4102000 rwxp b40ff000 00:00 0 
b4102000-b4249000 rwxp b4102000 00:00 0 
b4249000-b4300000 ---p b4249000 00:00 0 
b4400000-b44fb000 rwxp b4400000 00:00 0 
b44fb000-b4500000 ---p b44fb000 00:00 0 
b4500000-b45fe000 rwxp b4500000 00:00 0 
b45fe000-b4600000 ---p b45fe000 00:00 0 
b4600000-b4700000 rwxp b4600000 00:00 0 
b47ff000-b4802000 rwxp b47ff000 00:00 0 
b4802000-b49fe000 rwxp b4802000 00:00 0 
b49fe000-b4a00000 ---p b49fe000 00:00 0 
b4a00000-b4af9000 rwxp b4a00000 00:00 0 
b4af9000-b4b00000 ---p b4af9000 00:00 0 
b4b00000-b4bfb000 rwxp b4b00000 00:00 0 
b4bfb000-b4c00000 ---p b4bfb000 00:00 0 
b4c00000-b4d00000 rwxp b4c00000 00:00 0 
b4d00000-b4e00000 rwxp b4d00000 00:00 0 
b4eae000-b4eb1000 r-xs 00013000 08:05 852193     /usr/lib/jvm/java-6-sun-1.6.0.07/jre/lib/jce.jar
b4eb1000-b4eb7000 r-xs 00091000 08:05 852189     /usr/lib/jvm/java-6-sun-1.6.0.07/jre/lib/jsse.jar
b4eb7000-b4ebe000 r-xs 00110000 08:05 850970     /usr/lib/jvm/java-6-sun-1.6.0.07/jre/lib/resources.jar
b4ebe000-b4ee1000 r-xs 00160000 08:03 1182962    /home/danilo/Progetti/discovery_app/vendor/jruby-1.1.3/lib/ruby/gems/1.8/gems/jruby-openssl-0.3/lib/bcprov-jdk14-139.jar
b4ee1000-b4f00000 r-xs 0013d000 08:03 1161060    /home/danilo/Progetti/discovery_app/vendor/plugins/ActiveRDF/activerdf-sesame/ext/openrdf-sesame-2.0-onejar.jar
b4f00000-b4ffe000 rwxp b4f00000 00:00 0 
b4ffe000-b5000000 ---p b4ffe000 00:00 0 
b5001000-b5006000 r-xs 0002b000 08:03 1182959    /home/danilo/Progetti/discovery_app/vendor/jruby-1.1.3/lib/ruby/gems/1.8/gems/jruby-openssl-0.3/lib/bcmail-jdk14-139.jar
b5006000-b500d000 r-xs 0005a000 08:03 1182961    /home/danilo/Progetti/discovery_app/vendor/jruby-1.1.3/lib/ruby/gems/1.8/gems/jruby-openssl-0.3/lib/jopenssl.jar
b500d000-b500e000 r-xs 00000000 08:03 1161059    /home/danilo/Progetti/discovery_app/vendor/plugins/ActiveRDF/activerdf-sesame/ext/wrapper-sesame2.jar
b500e000-b5015000 r-xp 00000000 08:05 850799     /usr/lib/jvm/java-6-sun-1.6.0.07/jre/lib/i386/libnio.so
b5015000-b5016000 rwxp 00006000 08:05 850799     /usr/lib/jvm/java-6-sun-1.6.0.07/jre/lib/i386/libnio.so
b5016000-b5029000 r-xp 00000000 08:05 850793     /usr/lib/jvm/java-6-sun-1.6.0.07/jre/lib/i386/libnet.so
b5029000-b502a000 rwxp 00013000 08:05 850793     /usr/lib/jvm/java-6-sun-1.6.0.07/jre/lib/i386/libnet.so
b502a000-b502d000 r-xs 0002d000 08:03 890479     /home/danilo/Progetti/discovery_app/vendor/jruby-1.1.3/lib/saxon9-xqj.jar
b502d000-b502e000 r-xs 0000a000 08:03 890482     /home/danilo/Progetti/discovery_app/vendor/jruby-1.1.3/lib/saxon9-xpath.jar
b502e000-b502f000 r-xs 0000d000 08:03 890481     /home/danilo/Progetti/discovery_app/vendor/jruby-1.1.3/lib/saxon9-xom.jar
b502f000-b5030000 r-xs 0000a000 08:03 890476     /home/danilo/Progetti/discovery_app/vendor/jruby-1.1.3/lib/saxon9-sql.jar
b5030000-b5032000 r-xs 0001f000 08:03 890469     /home/danilo/Progetti/discovery_app/vendor/jruby-1.1.3/lib/saxon9-s9api.jar
b5032000-b5034000 r-xs 00008000 08:03 890471     /home/danilo/Progetti/discovery_app/vendor/jruby-1.1.3/lib/saxon9-jdom.jar
b5034000-b504e000 r-xs 004b3000 08:03 890480     /home/danilo/Progetti/discovery_app/vendor/jruby-1.1.3/lib/saxon9.jar
b504e000-b504f000 r-xs 0001e000 08:03 890475     /home/danilo/Progetti/discovery_app/vendor/jruby-1.1.3/lib/saxon9-dom.jar
b504f000-b5050000 r-xs 00008000 08:03 890474     /home/danilo/Progetti/discovery_app/vendor/jruby-1.1.3/lib/saxon9-dom4j.jar
b5050000-b5054000 r-xs 00016000 08:03 890478     /home/danilo/Progetti/discovery_app/vendor/jruby-1.1.3/lib/profile.jar
b5054000-b5080000 r-xp 00000000 08:05 1173730    /lib/libcidn-2.7.so
b5080000-b5082000 rwxp 0002b000 08:05 1173730    /lib/libcidn-2.7.so
b5082000-b5091000 r-xp 00000000 08:05 475117     /tmp/jna37447.tmp
b5091000-b5092000 rwxp 0000f000 08:05 475117     /tmp/jna37447.tmp
b5092000-b5098000 r-xp 00000000 08:05 850805     /usr/lib/jvm/java-6-sun-1.6.0.07/jre/lib/i386/libmanagement.so
b5098000-b5099000 rwxp 00005000 08:05 850805     /usr/lib/jvm/java-6-sun-1.6.0.07/jre/lib/i386/libmanagement.so
b5099000-b50cb000 rwxp b5099000 00:00 0 
b50cb000-b5256000 r-xs 02def000 08:05 851524     /usr/lib/jvm/java-6-sun-1.6.0.07/jre/lib/rt.jar
b5256000-b52be000 r-xs 004c0000 08:03 890473     /home/danilo/Progetti/discovery_app/vendor/jruby-1.1.3/lib/jruby.jar
b52be000-b52bf000 ---p b52be000 00:00 0 
b52bf000-b533f000 rwxp b52bf000 00:00 0 
b533f000-b5342000 ---p b533f000 00:00 0 
b5342000-b5440000 rwxp b5342000 00:00 0 
b5440000-b5443000 ---p b5440000 00:00 0 
b5443000-b54c1000 rwxp b5443000 00:00 0 
b54c1000-b54c4000 ---p b54c1000 00:00 0 
b54c4000-b55c2000 rwxp b54c4000 00:00 0 
b55c2000-b55c9000 r-xs 00000000 08:05 407489     /usr/lib/gconv/gconv-modules.cache
b55c9000-b5608000 r-xp 00000000 08:05 456096     /usr/lib/locale/it_IT.utf8/LC_CTYPE
b5608000-b56cf000 r-xp 00000000 08:05 407302     /usr/lib/locale/locale-archive
b56cf000-b56d2000 ---p b56cf000 00:00 0 
b56d2000-b57d0000 rwxp b56d2000 00:00 0 
b57d0000-b57d3000 ---p b57d0000 00:00 0 
b57d3000-b58d1000 rwxp b57d3000 00:00 0 
b58d1000-b58d2000 ---p b58d1000 00:00 0 
b58d2000-b595c000 rwxp b58d2000 00:00 0 
b595c000-b5973000 rwxp b595c000 00:00 0 
b5973000-b5a5a000 rwxp b5973000 00:00 0 
b5a5a000-b5a6e000 rwxp b5a5a000 00:00 0 
b5a6e000-b5b54000 rwxp b5a6e000 00:00 0 
b5b54000-b5b5e000 rwxp b5b54000 00:00 0 
b5b5e000-b5b74000 rwxp b5b5e000 00:00 0 
b5b74000-b5ba7000 rwxp b5b74000 00:00 0 
b5ba7000-b5bff000 rwxp b5ba7000 00:00 0 
b5bff000-b65f7000 rwxp b5bff000 00:00 0 
b65f7000-b7bff000 rwxp b65f7000 00:00 0 
b7bff000-b7c0e000 r-xp 00000000 08:05 850780     /usr/lib/jvm/java-6-sun-1.6.0.07/jre/lib/i386/libzip.so
b7c0e000-b7c10000 rwxp 0000e000 08:05 850780     /usr/lib/jvm/java-6-sun-1.6.0.07/jre/lib/i386/libzip.so
b7c10000-b7c33000 r-xp 00000000 08:05 850772     /usr/lib/jvm/java-6-sun-1.6.0.07/jre/lib/i386/libjava.so
b7c33000-b7c35000 rwxp 00023000 08:05 850772     /usr/lib/jvm/java-6-sun-1.6.0.07/jre/lib/i386/libjava.so
b7c35000-b7c3e000 r-xp 00000000 08:05 1206452    /lib/tls/i686/cmov/libnss_files-2.7.so
b7c3e000-b7c40000 rwxp 00008000 08:05 1206452    /lib/tls/i686/cmov/libnss_files-2.7.so
b7c40000-b7c54000 r-xp 00000000 08:05 1206339    /lib/tls/i686/cmov/libnsl-2.7.so
b7c54000-b7c56000 rwxp 00013000 08:05 1206339    /lib/tls/i686/cmov/libnsl-2.7.so
b7c56000-b7c58000 rwxp b7c56000 00:00 0 
b7c58000-b7c59000 r-xs 00001000 08:03 1161058    /home/danilo/Progetti/discovery_app/vendor/plugins/ActiveRDF/activerdf-sesame/ext/slf4j-nop-1.4.3.jar
b7c59000-b7c5a000 r-xs 00003000 08:03 1161056    /home/danilo/Progetti/discovery_app/vendor/plugins/ActiveRDF/activerdf-sesame/ext/slf4j-api-1.4.3.jar
b7c5a000-b7c5e000 r-xs 00027000 08:03 890472     /home/danilo/Progetti/discovery_app/vendor/jruby-1.1.3/lib/bsf.jar
b7c5e000-b7c65000 rwxp b7c5e000 00:00 0 
b7c65000-b7c70000 r-xp 00000000 08:05 850769     /usr/lib/jvm/java-6-sun-1.6.0.07/jre/lib/i386/libverify.so
b7c70000-b7c71000 rwxp 0000b000 08:05 850769     /usr/lib/jvm/java-6-sun-1.6.0.07/jre/lib/i386/libverify.so
b7c71000-b7c79000 rwxs 00000000 08:05 543074     /tmp/hsperfdata_danilo/19428
b7c79000-b7c80000 r-xp 00000000 08:05 1206493    /lib/tls/i686/cmov/librt-2.7.so
b7c80000-b7c82000 rwxp 00006000 08:05 1206493    /lib/tls/i686/cmov/librt-2.7.so
b7c82000-b7c85000 ---p b7c82000 00:00 0 
b7c85000-b7d83000 rwxp b7c85000 00:00 0 
b7d83000-b7da6000 r-xp 00000000 08:05 1206337    /lib/tls/i686/cmov/libm-2.7.so
b7da6000-b7da8000 rwxp 00023000 08:05 1206337    /lib/tls/i686/cmov/libm-2.7.so
b7da8000-b7da9000 rwxp b7da8000 00:00 0 
b7da9000-b7ef2000 r-xp 00000000 08:05 1206194    /lib/tls/i686/cmov/libc-2.7.so
b7ef2000-b7ef3000 r-xp 00149000 08:05 1206194    /lib/tls/i686/cmov/libc-2.7.so
b7ef3000-b7ef5000 rwxp 0014a000 08:05 1206194    /lib/tls/i686/cmov/libc-2.7.so
b7ef5000-b7ef8000 rwxp b7ef5000 00:00 0 
b7ef8000-b7efa000 r-xp 00000000 08:05 1206299    /lib/tls/i686/cmov/libdl-2.7.so
b7efa000-b7efc000 rwxp 00001000 08:05 1206299    /lib/tls/i686/cmov/libdl-2.7.so
b7efc000-b7f03000 r-xp 00000000 08:05 850778     /usr/lib/jvm/java-6-sun-1.6.0.07/jre/lib/i386/jli/libjli.so
b7f03000-b7f05000 rwxp 00006000 08:05 850778     /usr/lib/jvm/java-6-sun-1.6.0.07/jre/lib/i386/jli/libjli.so
b7f05000-b7f06000 rwxp b7f05000 00:00 0 
b7f06000-b7f1a000 r-xp 00000000 08:05 1206484    /lib/tls/i686/cmov/libpthread-2.7.so
b7f1a000-b7f1c000 rwxp 00013000 08:05 1206484    /lib/tls/i686/cmov/libpthread-2.7.so
b7f1c000-b7f23000 rwxp b7f1c000 00:00 0 
b7f23000-b7f2b000 r-xp 00000000 08:05 1206478    /lib/tls/i686/cmov/libnss_nis-2.7.so
b7f2b000-b7f2d000 rwxp 00007000 08:05 1206478    /lib/tls/i686/cmov/libnss_nis-2.7.so
b7f2d000-b7f34000 r-xp 00000000 08:05 1206450    /lib/tls/i686/cmov/libnss_compat-2.7.so
b7f34000-b7f36000 rwxp 00006000 08:05 1206450    /lib/tls/i686/cmov/libnss_compat-2.7.so
b7f36000-b7f3c000 r-xp 00000000 08:05 850736     /usr/lib/jvm/java-6-sun-1.6.0.07/jre/lib/i386/native_threads/libhpi.so
b7f3c000-b7f3d000 rwxp 00006000 08:05 850736     /usr/lib/jvm/java-6-sun-1.6.0.07/jre/lib/i386/native_threads/libhpi.so
b7f3d000-b7f3e000 rwxp b7f3d000 00:00 0 
b7f3e000-b7f3f000 r-xp b7f3e000 00:00 0 
b7f3f000-b7f41000 rwxp b7f3f000 00:00 0 
b7f41000-b7f42000 r-xp b7f41000 00:00 0          [vdso]
b7f42000-b7f5c000 r-xp 00000000 08:05 1173726    /lib/ld-2.7.so
b7f5c000-b7f5e000 rwxp 00019000 08:05 1173726    /lib/ld-2.7.so
bfdf1000-bfe06000 rwxp bffeb000 00:00 0          [stack]

VM Arguments:
jvm_args: -Djruby.memory.max=500m -Djruby.stack.max=1024k -Xmx500m -Xss1024k -Xbootclasspath/a:/home/danilo/Progetti/discovery_app/vendor/jruby-1.1.3/lib/jruby.jar -Djruby.home=/home/danilo/Progetti/discovery_app/vendor/jruby-1.1.3 -Djruby.lib=/home/danilo/Progetti/discovery_app/vendor/jruby-1.1.3/lib -Djruby.script=jruby -Djruby.shell=/bin/sh 
java_command: org.jruby.Main /home/danilo/Progetti/discovery_app/vendor/jruby-1.1.3/bin/rake discovery:import_from_file xml=/home/danilo/talia/Nietzsche Source-texts.xml
Launcher Type: SUN_STANDARD

Environment Variables:
PATH=/home/danilo/Progetti/discovery_app/vendor/plugins/talia_core/bin:/home/danilo/Progetti/discovery_app/lib/scripts:/home/danilo/Progetti/discovery_app/vendor/jruby-1.1.3/bin:/home/danilo/Progetti/discovery_app/vendor/jruby-1.1.3/lib/ruby/gems/1.8/bin:/home/danilo/bin:/usr/local/sbin:/usr/local/bin:/usr/sbin:/usr/bin:/sbin:/bin:/usr/games
USERNAME=danilo
LD_LIBRARY_PATH=/usr/lib/jvm/java-6-sun-1.6.0.07/jre/lib/i386/client:/usr/lib/jvm/java-6-sun-1.6.0.07/jre/lib/i386:/usr/lib/jvm/java-6-sun-1.6.0.07/jre/../lib/i386
SHELL=/bin/bash
DISPLAY=:0.0

Signal Handlers:
SIGSEGV: [libjvm.so+0x3be780], sa_mask[0]=0x7ffbfeff, sa_flags=0x10000004
SIGBUS: [libjvm.so+0x3be780], sa_mask[0]=0x7ffbfeff, sa_flags=0x10000004
SIGFPE: [libjvm.so+0x30f880], sa_mask[0]=0x7ffbfeff, sa_flags=0x10000004
SIGPIPE: [libjvm.so+0x30f880], sa_mask[0]=0x7ffbfeff, sa_flags=0x10000004
SIGXFSZ: [libjvm.so+0x30f880], sa_mask[0]=0x7ffbfeff, sa_flags=0x10000004
SIGILL: [libjvm.so+0x30f880], sa_mask[0]=0x7ffbfeff, sa_flags=0x10000004
SIGUSR1: SIG_DFL, sa_mask[0]=0x00000000, sa_flags=0x00000000
SIGUSR2: [libjvm.so+0x3118c0], sa_mask[0]=0x00000000, sa_flags=0x10000004
SIGHUP: [libjvm.so+0x311660], sa_mask[0]=0x7ffbfeff, sa_flags=0x10000004
SIGINT: [libjvm.so+0x311660], sa_mask[0]=0x7ffbfeff, sa_flags=0x10000004
SIGTERM: [libjvm.so+0x311660], sa_mask[0]=0x7ffbfeff, sa_flags=0x10000004
SIGQUIT: [libjvm.so+0x311660], sa_mask[0]=0x7ffbfeff, sa_flags=0x10000004


---------------  S Y S T E M  ---------------

OS:lenny/sid

uname:Linux 2.6.24-17-generic #1 SMP Thu May 1 14:31:33 UTC 2008 i686
libc:glibc 2.7 NPTL 2.7 
rlimit: STACK 8192k, CORE 0k, NPROC 16135, NOFILE 1024, AS infinity
load average:1.97 1.81 1.52

CPU:total 2 (2 cores per cpu, 1 threads per core) family 6 model 15 stepping 6, cmov, cx8, fxsr, mmx, sse, sse2, sse3, ssse3

Memory: 4k page, physical 2044188k(52028k free), swap 1953116k(1913596k free)

vm_info: Java HotSpot(TM) Client VM (10.0-b23) for linux-x86 JRE (1.6.0_07-b06), built on Jun 10 2008 01:33:02 by "java_re" with gcc 3.2.1-7a (J2SE release)

time: Sat Nov  8 15:36:17 2008
elapsed time: 1975 seconds

