#
# An unexpected error has been detected by Java Runtime Environment:
#
#  SIGSEGV (0xb) at pc=0x0636711d, pid=14131, tid=3084159888
#
# Java VM: Java HotSpot(TM) Server VM (10.0-b23 mixed mode linux-x86)
# Problematic frame:
# V  [libjvm.so+0x36711d]
#
# If you would like to submit a bug report, please visit:
#   http://java.sun.com/webapps/bugreport/crash.jsp
#

---------------  T H R E A D  ---------------

Current thread (0x08059c00):  JavaThread "Unknown thread" [_thread_in_vm, id=14132, stack(0xb7c48000,0xb7d49000)]

siginfo:si_signo=SIGSEGV: si_errno=0, si_code=1 (SEGV_MAPERR), si_addr=0x0835ad61

Registers:
EAX=0x00000000, EBX=0x080584e8, ECX=0x08059c00, EDX=0x0000009c
ESP=0xb7d47e78, EBP=0xb7d47f50, ESI=0x08059ce4, EDI=0x08059ce4
EIP=0x0636711d, CR2=0x0835ad61, EFLAGS=0x00210246

Top of Stack: (sp=0xb7d47e78)
0xb7d47e78:   00000008 00000003 00000000 00000000
0xb7d47e88:   b7d47f70 b7d47f98 00000006 0000000e
0xb7d47e98:   00000008 00000000 00000000 000000b4
0xb7d47ea8:   080818f4 000000b5 00000003 00000000
0xb7d47eb8:   b7d47ee8 0629cecf 90b329e8 00000002
0xb7d47ec8:   08059c00 08059c00 00000000 b7d47f98
0xb7d47ed8:   b7d47f70 00000000 080818f0 08059c00
0xb7d47ee8:   b7d47f08 064941c1 080818f0 b7d47f98 

Instructions: (pc=0x0636711d)
0x0636710d:   00 00 04 01 00 8e 7d 1c 00 c0 04 04 04 12 00 01
0x0636711d:   00 8e 7d 10 30 00 14 40 00 00 08 01 00 8e 7d 00 

Stack: [0xb7c48000,0xb7d49000],  sp=0xb7d47e78,  free space=1023k
Native frames: (J=compiled Java code, j=interpreted, Vv=VM code, C=native code)
V  [libjvm.so+0x36711d]
v  ~BufferBlob::Interpreter
v  ~BufferBlob::StubRoutines (1)
V  [libjvm.so+0x3735bd]
V  [libjvm.so+0x4fd5d8]
V  [libjvm.so+0x3730e1]
V  [libjvm.so+0x373257]
V  [libjvm.so+0x5bb611]
V  [libjvm.so+0x5b9771]
V  [libjvm.so+0x39c4c3]
C  [java+0x2fcc]
C  [java+0x1942]  JavaMain+0x72
C  [libpthread.so.0+0x54fb]

Java frames: (J=compiled Java code, j=interpreted, Vv=VM code)
v  ~BufferBlob::Interpreter
v  ~BufferBlob::StubRoutines (1)

---------------  P R O C E S S  ---------------

Java Threads: ( => current thread )
=>0x08059c00 JavaThread "Unknown thread" [_thread_in_vm, id=14132, stack(0xb7c48000,0xb7d49000)]

Other Threads:
  0x080d9800 VMThread [stack: 0x9059b000,0x9061c000] [id=14135]

VM state:not at safepoint (normal execution)

VM Mutex/Monitor currently owned by a thread: None

Heap
 PSYoungGen      total 3584K, used 61K [0xb1220000, 0xb1620000, 0xb4b00000)
  eden space 3072K, 2% used [0xb1220000,0xb122f5d0,0xb1520000)
  from space 512K, 0% used [0xb15a0000,0xb15a0000,0xb1620000)
  to   space 512K, 0% used [0xb1520000,0xb1520000,0xb15a0000)
 PSOldGen        total 4096K, used 0K [0x94b00000, 0x94f00000, 0xb1220000)
  object space 4096K, 0% used [0x94b00000,0x94b00000,0x94f00000)
 PSPermGen       total 16384K, used 482K [0x90b00000, 0x91b00000, 0x94b00000)
  object space 16384K, 2% used [0x90b00000,0x90b789e8,0x91b00000)

Dynamic libraries:
06000000-0665d000 r-xp 00000000 08:05 850742     /usr/lib/jvm/java-6-sun-1.6.0.07/jre/lib/i386/server/libjvm.so
0665d000-066a1000 rwxp 0065c000 08:05 850742     /usr/lib/jvm/java-6-sun-1.6.0.07/jre/lib/i386/server/libjvm.so
066a1000-06ac3000 rwxp 066a1000 00:00 0 
08048000-08052000 r-xp 00000000 08:05 850637     /usr/lib/jvm/java-6-sun-1.6.0.07/jre/bin/java
08052000-08053000 rwxp 00009000 08:05 850637     /usr/lib/jvm/java-6-sun-1.6.0.07/jre/bin/java
08053000-080e9000 rwxp 08053000 00:00 0          [heap]
9059b000-9059c000 ---p 9059b000 00:00 0 
9059c000-9064e000 rwxp 9059c000 00:00 0 
9064e000-907d9000 r-xs 02def000 08:05 851524     /usr/lib/jvm/java-6-sun-1.6.0.07/jre/lib/rt.jar
907d9000-907da000 ---p 907d9000 00:00 0 
907da000-9085a000 rwxp 907da000 00:00 0 
9085a000-9085b000 ---p 9085a000 00:00 0 
9085b000-908e3000 rwxp 9085b000 00:00 0 
908e3000-908fb000 rwxp 908e3000 00:00 0 
908fb000-908fd000 rwxp 908fb000 00:00 0 
908fd000-909df000 rwxp 908fd000 00:00 0 
909df000-909e7000 rwxp 909df000 00:00 0 
909e7000-909ff000 rwxp 909e7000 00:00 0 
909ff000-90a01000 rwxp 909ff000 00:00 0 
90a01000-90ae2000 rwxp 90a01000 00:00 0 
90ae2000-90ae5000 rwxp 90ae2000 00:00 0 
90ae5000-90aff000 rwxp 90ae5000 00:00 0 
90aff000-91b00000 rwxp 90aff000 00:00 0 
91b00000-94b00000 rwxp 91b00000 00:00 0 
94b00000-94f00000 rwxp 94b00000 00:00 0 
94f00000-b1220000 rwxp 94f00000 00:00 0 
b1220000-b1620000 rwxp b1220000 00:00 0 
b1620000-b4b00000 rwxp b1620000 00:00 0 
b4b05000-b4b0e000 rwxp b4b05000 00:00 0 
b4b0e000-b4bc5000 rwxp b4b0e000 00:00 0 
b4bc5000-b4e05000 rwxp b4bc5000 00:00 0 
b4e05000-b7bc5000 rwxp b4e05000 00:00 0 
b7bc5000-b7bd4000 r-xp 00000000 08:05 850780     /usr/lib/jvm/java-6-sun-1.6.0.07/jre/lib/i386/libzip.so
b7bd4000-b7bd6000 rwxp 0000e000 08:05 850780     /usr/lib/jvm/java-6-sun-1.6.0.07/jre/lib/i386/libzip.so
b7bd6000-b7bf9000 r-xp 00000000 08:05 850772     /usr/lib/jvm/java-6-sun-1.6.0.07/jre/lib/i386/libjava.so
b7bf9000-b7bfb000 rwxp 00023000 08:05 850772     /usr/lib/jvm/java-6-sun-1.6.0.07/jre/lib/i386/libjava.so
b7bfb000-b7c04000 r-xp 00000000 08:05 1206452    /lib/tls/i686/cmov/libnss_files-2.7.so
b7c04000-b7c06000 rwxp 00008000 08:05 1206452    /lib/tls/i686/cmov/libnss_files-2.7.so
b7c06000-b7c1a000 r-xp 00000000 08:05 1206339    /lib/tls/i686/cmov/libnsl-2.7.so
b7c1a000-b7c1c000 rwxp 00013000 08:05 1206339    /lib/tls/i686/cmov/libnsl-2.7.so
b7c1c000-b7c1e000 rwxp b7c1c000 00:00 0 
b7c2b000-b7c36000 r-xp 00000000 08:05 850769     /usr/lib/jvm/java-6-sun-1.6.0.07/jre/lib/i386/libverify.so
b7c36000-b7c37000 rwxp 0000b000 08:05 850769     /usr/lib/jvm/java-6-sun-1.6.0.07/jre/lib/i386/libverify.so
b7c37000-b7c3f000 rwxs 00000000 08:05 765573     /tmp/hsperfdata_danilo/14131
b7c3f000-b7c46000 r-xp 00000000 08:05 1206493    /lib/tls/i686/cmov/librt-2.7.so
b7c46000-b7c48000 rwxp 00006000 08:05 1206493    /lib/tls/i686/cmov/librt-2.7.so
b7c48000-b7c4b000 ---p b7c48000 00:00 0 
b7c4b000-b7d49000 rwxp b7c4b000 00:00 0 
b7d49000-b7d6c000 r-xp 00000000 08:05 1206337    /lib/tls/i686/cmov/libm-2.7.so
b7d6c000-b7d6e000 rwxp 00023000 08:05 1206337    /lib/tls/i686/cmov/libm-2.7.so
b7d6e000-b7d6f000 rwxp b7d6e000 00:00 0 
b7d6f000-b7eb8000 r-xp 00000000 08:05 1206194    /lib/tls/i686/cmov/libc-2.7.so
b7eb8000-b7eb9000 r-xp 00149000 08:05 1206194    /lib/tls/i686/cmov/libc-2.7.so
b7eb9000-b7ebb000 rwxp 0014a000 08:05 1206194    /lib/tls/i686/cmov/libc-2.7.so
b7ebb000-b7ebe000 rwxp b7ebb000 00:00 0 
b7ebe000-b7ec0000 r-xp 00000000 08:05 1206299    /lib/tls/i686/cmov/libdl-2.7.so
b7ec0000-b7ec2000 rwxp 00001000 08:05 1206299    /lib/tls/i686/cmov/libdl-2.7.so
b7ec2000-b7ec9000 r-xp 00000000 08:05 850778     /usr/lib/jvm/java-6-sun-1.6.0.07/jre/lib/i386/jli/libjli.so
b7ec9000-b7ecb000 rwxp 00006000 08:05 850778     /usr/lib/jvm/java-6-sun-1.6.0.07/jre/lib/i386/jli/libjli.so
b7ecb000-b7ecc000 rwxp b7ecb000 00:00 0 
b7ecc000-b7ee0000 r-xp 00000000 08:05 1206484    /lib/tls/i686/cmov/libpthread-2.7.so
b7ee0000-b7ee2000 rwxp 00013000 08:05 1206484    /lib/tls/i686/cmov/libpthread-2.7.so
b7ee2000-b7ee4000 rwxp b7ee2000 00:00 0 
b7ee9000-b7ef1000 r-xp 00000000 08:05 1206478    /lib/tls/i686/cmov/libnss_nis-2.7.so
b7ef1000-b7ef3000 rwxp 00007000 08:05 1206478    /lib/tls/i686/cmov/libnss_nis-2.7.so
b7ef3000-b7efa000 r-xp 00000000 08:05 1206450    /lib/tls/i686/cmov/libnss_compat-2.7.so
b7efa000-b7efc000 rwxp 00006000 08:05 1206450    /lib/tls/i686/cmov/libnss_compat-2.7.so
b7efc000-b7f02000 r-xp 00000000 08:05 850736     /usr/lib/jvm/java-6-sun-1.6.0.07/jre/lib/i386/native_threads/libhpi.so
b7f02000-b7f03000 rwxp 00006000 08:05 850736     /usr/lib/jvm/java-6-sun-1.6.0.07/jre/lib/i386/native_threads/libhpi.so
b7f03000-b7f04000 rwxp b7f03000 00:00 0 
b7f04000-b7f05000 r-xp b7f04000 00:00 0 
b7f05000-b7f07000 rwxp b7f05000 00:00 0 
b7f07000-b7f08000 r-xp b7f07000 00:00 0          [vdso]
b7f08000-b7f22000 r-xp 00000000 08:05 1173726    /lib/ld-2.7.so
b7f22000-b7f24000 rwxp 00019000 08:05 1173726    /lib/ld-2.7.so
bff77000-bff8c000 rwxp bffeb000 00:00 0          [stack]

VM Arguments:
jvm_args: -Xverify:none -da -Xmx512m -Xss1024k -Djruby.base=/home/danilo/Progetti/discovery_app/vendor/jruby-1.1.1 -Djruby.home=/home/danilo/Progetti/discovery_app/vendor/jruby-1.1.1 -Djruby.lib=/home/danilo/Progetti/discovery_app/vendor/jruby-1.1.1/lib -Djruby.shell=/bin/sh -Djruby.script=jruby 
java_command: org.jruby.Main script/server --port 3000
Launcher Type: SUN_STANDARD

Environment Variables:
JAVA_HOME=/usr/lib/jvm/java-6-sun-1.6.0.07/jre
PATH=/home/danilo/Progetti/discovery_app/vendor/jruby-1.1.1/bin:/home/danilo/bin:/usr/local/sbin:/usr/local/bin:/usr/sbin:/usr/bin:/sbin:/bin:/usr/games
USERNAME=danilo
LD_LIBRARY_PATH=/usr/lib/jvm/java-6-sun-1.6.0.07/jre/lib/i386/server:/usr/lib/jvm/java-6-sun-1.6.0.07/jre/lib/i386:/usr/lib/jvm/java-6-sun-1.6.0.07/jre/../lib/i386:/usr/lib/jvm/java-6-sun-1.6.0.07/jre/lib/i386/client:/usr/lib/jvm/java-6-sun-1.6.0.07/jre/lib/i386:/usr/lib/jvm/java-6-sun-1.6.0.07/jre/../lib/i386
SHELL=/bin/bash
DISPLAY=:0.1

Signal Handlers:
SIGSEGV: [libjvm.so+0x5edc30], sa_mask[0]=0x7ffbfeff, sa_flags=0x10000004
SIGBUS: [libjvm.so+0x5edc30], sa_mask[0]=0x7ffbfeff, sa_flags=0x10000004
SIGFPE: [libjvm.so+0x4fc6a0], sa_mask[0]=0x7ffbfeff, sa_flags=0x10000004
SIGPIPE: [libjvm.so+0x4fc6a0], sa_mask[0]=0x7ffbfeff, sa_flags=0x10000004
SIGXFSZ: [libjvm.so+0x4fc6a0], sa_mask[0]=0x7ffbfeff, sa_flags=0x10000004
SIGILL: [libjvm.so+0x4fc6a0], sa_mask[0]=0x7ffbfeff, sa_flags=0x10000004
SIGUSR1: SIG_DFL, sa_mask[0]=0x00000000, sa_flags=0x00000000
SIGUSR2: [libjvm.so+0x4fe6e0], sa_mask[0]=0x00000004, sa_flags=0x10000004
SIGHUP: SIG_DFL, sa_mask[0]=0x00000000, sa_flags=0x00000000
SIGINT: SIG_IGN, sa_mask[0]=0x00000000, sa_flags=0x00000000
SIGTERM: SIG_DFL, sa_mask[0]=0x00000000, sa_flags=0x00000000
SIGQUIT: SIG_DFL, sa_mask[0]=0x00000000, sa_flags=0x00000000


---------------  S Y S T E M  ---------------

OS:lenny/sid

uname:Linux 2.6.24-17-generic #1 SMP Thu May 1 14:31:33 UTC 2008 i686
libc:glibc 2.7 NPTL 2.7 
rlimit: STACK 8192k, CORE 0k, NPROC 16135, NOFILE 1024, AS infinity
load average:1.89 1.13 0.90

CPU:total 2 (2 cores per cpu, 1 threads per core) family 6 model 15 stepping 6, cmov, cx8, fxsr, mmx, sse, sse2, sse3, ssse3

Memory: 4k page, physical 2044188k(231692k free), swap 1953116k(1953116k free)

vm_info: Java HotSpot(TM) Server VM (10.0-b23) for linux-x86 JRE (1.6.0_07-b06), built on Jun 10 2008 01:20:15 by "java_re" with gcc 3.2.1-7a (J2SE release)

time: Tue Sep 30 10:47:23 2008
elapsed time: 0 seconds

