#
# An unexpected error has been detected by Java Runtime Environment:
#
#  SIGSEGV (0xb) at pc=0x0636711d, pid=13826, tid=3084516240
#
# Java VM: Java HotSpot(TM) Server VM (10.0-b23 mixed mode linux-x86)
# Problematic frame:
# V  [libjvm.so+0x36711d]
#
# If you would like to submit a bug report, please visit:
#   http://java.sun.com/webapps/bugreport/crash.jsp
#

---------------  T H R E A D  ---------------

Current thread (0x08059c00):  JavaThread "Unknown thread" [_thread_in_vm, id=13827, stack(0xb7c9f000,0xb7da0000)]

siginfo:si_signo=SIGSEGV: si_errno=0, si_code=1 (SEGV_MAPERR), si_addr=0x0835ad61

Registers:
EAX=0x00000000, EBX=0x080584e8, ECX=0x08059c00, EDX=0x0000009c
ESP=0xb7d9ee78, EBP=0xb7d9ef50, ESI=0x08059ce4, EDI=0x08059ce4
EIP=0x0636711d, CR2=0x0835ad61, EFLAGS=0x00210246

Top of Stack: (sp=0xb7d9ee78)
0xb7d9ee78:   00000008 00000003 00000000 00000000
0xb7d9ee88:   b7d9ef70 b7d9ef98 00000006 0000000e
0xb7d9ee98:   00000008 00000000 00000000 000000b4
0xb7d9eea8:   080818e4 000000b5 00000003 00000000
0xb7d9eeb8:   b7d9eee8 0629cecf 90b829e8 00000002
0xb7d9eec8:   08059c00 08059c00 00000000 b7d9ef98
0xb7d9eed8:   b7d9ef70 00000000 080818e0 08059c00
0xb7d9eee8:   b7d9ef08 064941c1 080818e0 b7d9ef98 

Instructions: (pc=0x0636711d)
0x0636710d:   00 00 04 01 00 8e 7d 1c 00 c0 04 04 04 12 00 01
0x0636711d:   00 8e 7d 10 30 00 14 40 00 00 08 01 00 8e 7d 00 

Stack: [0xb7c9f000,0xb7da0000],  sp=0xb7d9ee78,  free space=1023k
Native frames: (J=compiled Java code, j=interpreted, Vv=VM code, C=native code)
V  [libjvm.so+0x36711d]
v  ~BufferBlob::Interpreter
v  ~BufferBlob::StubRoutines (1)
V  [libjvm.so+0x3735bd]
V  [libjvm.so+0x4fd5d8]
V  [libjvm.so+0x3730e1]
V  [libjvm.so+0x373257]
V  [libjvm.so+0x5bb611]
V  [libjvm.so+0x5b9771]
V  [libjvm.so+0x39c4c3]
C  [java+0x2fcc]
C  [java+0x1942]  JavaMain+0x72
C  [libpthread.so.0+0x54fb]

Java frames: (J=compiled Java code, j=interpreted, Vv=VM code)
v  ~BufferBlob::Interpreter
v  ~BufferBlob::StubRoutines (1)

---------------  P R O C E S S  ---------------

Java Threads: ( => current thread )
=>0x08059c00 JavaThread "Unknown thread" [_thread_in_vm, id=13827, stack(0xb7c9f000,0xb7da0000)]

Other Threads:
  0x080d9800 VMThread [stack: 0x904c2000,0x90543000] [id=13830]

VM state:not at safepoint (normal execution)

VM Mutex/Monitor currently owned by a thread: None

Heap
 PSYoungGen      total 3584K, used 61K [0xb1270000, 0xb1670000, 0xb4b50000)
  eden space 3072K, 2% used [0xb1270000,0xb127f5d0,0xb1570000)
  from space 512K, 0% used [0xb15f0000,0xb15f0000,0xb1670000)
  to   space 512K, 0% used [0xb1570000,0xb1570000,0xb15f0000)
 PSOldGen        total 4096K, used 0K [0x94b50000, 0x94f50000, 0xb1270000)
  object space 4096K, 0% used [0x94b50000,0x94b50000,0x94f50000)
 PSPermGen       total 16384K, used 482K [0x90b50000, 0x91b50000, 0x94b50000)
  object space 16384K, 2% used [0x90b50000,0x90bc89e8,0x91b50000)

Dynamic libraries:
06000000-0665d000 r-xp 00000000 08:05 850742     /usr/lib/jvm/java-6-sun-1.6.0.07/jre/lib/i386/server/libjvm.so
0665d000-066a1000 rwxp 0065c000 08:05 850742     /usr/lib/jvm/java-6-sun-1.6.0.07/jre/lib/i386/server/libjvm.so
066a1000-06ac3000 rwxp 066a1000 00:00 0 
08048000-08052000 r-xp 00000000 08:05 850637     /usr/lib/jvm/java-6-sun-1.6.0.07/jre/bin/java
08052000-08053000 rwxp 00009000 08:05 850637     /usr/lib/jvm/java-6-sun-1.6.0.07/jre/bin/java
08053000-080e9000 rwxp 08053000 00:00 0          [heap]
904c2000-904c3000 ---p 904c2000 00:00 0 
904c3000-90575000 rwxp 904c3000 00:00 0 
90575000-90700000 r-xs 02def000 08:05 851524     /usr/lib/jvm/java-6-sun-1.6.0.07/jre/lib/rt.jar
90700000-90721000 rwxp 90700000 00:00 0 
90721000-90800000 ---p 90721000 00:00 0 
90829000-9082a000 ---p 90829000 00:00 0 
9082a000-908aa000 rwxp 9082a000 00:00 0 
908aa000-908ab000 ---p 908aa000 00:00 0 
908ab000-90933000 rwxp 908ab000 00:00 0 
90933000-9094b000 rwxp 90933000 00:00 0 
9094b000-9094d000 rwxp 9094b000 00:00 0 
9094d000-90a2f000 rwxp 9094d000 00:00 0 
90a2f000-90a37000 rwxp 90a2f000 00:00 0 
90a37000-90a4f000 rwxp 90a37000 00:00 0 
90a4f000-90a51000 rwxp 90a4f000 00:00 0 
90a51000-90b32000 rwxp 90a51000 00:00 0 
90b32000-90b35000 rwxp 90b32000 00:00 0 
90b35000-90b4f000 rwxp 90b35000 00:00 0 
90b4f000-91b50000 rwxp 90b4f000 00:00 0 
91b50000-94b50000 rwxp 91b50000 00:00 0 
94b50000-94f50000 rwxp 94b50000 00:00 0 
94f50000-b1270000 rwxp 94f50000 00:00 0 
b1270000-b1670000 rwxp b1270000 00:00 0 
b1670000-b4b50000 rwxp b1670000 00:00 0 
b4b5c000-b4b65000 rwxp b4b5c000 00:00 0 
b4b65000-b4c1c000 rwxp b4b65000 00:00 0 
b4c1c000-b4e5c000 rwxp b4c1c000 00:00 0 
b4e5c000-b7c1c000 rwxp b4e5c000 00:00 0 
b7c1c000-b7c2b000 r-xp 00000000 08:05 850780     /usr/lib/jvm/java-6-sun-1.6.0.07/jre/lib/i386/libzip.so
b7c2b000-b7c2d000 rwxp 0000e000 08:05 850780     /usr/lib/jvm/java-6-sun-1.6.0.07/jre/lib/i386/libzip.so
b7c2d000-b7c50000 r-xp 00000000 08:05 850772     /usr/lib/jvm/java-6-sun-1.6.0.07/jre/lib/i386/libjava.so
b7c50000-b7c52000 rwxp 00023000 08:05 850772     /usr/lib/jvm/java-6-sun-1.6.0.07/jre/lib/i386/libjava.so
b7c52000-b7c5b000 r-xp 00000000 08:05 1206452    /lib/tls/i686/cmov/libnss_files-2.7.so
b7c5b000-b7c5d000 rwxp 00008000 08:05 1206452    /lib/tls/i686/cmov/libnss_files-2.7.so
b7c5d000-b7c71000 r-xp 00000000 08:05 1206339    /lib/tls/i686/cmov/libnsl-2.7.so
b7c71000-b7c73000 rwxp 00013000 08:05 1206339    /lib/tls/i686/cmov/libnsl-2.7.so
b7c73000-b7c75000 rwxp b7c73000 00:00 0 
b7c82000-b7c8d000 r-xp 00000000 08:05 850769     /usr/lib/jvm/java-6-sun-1.6.0.07/jre/lib/i386/libverify.so
b7c8d000-b7c8e000 rwxp 0000b000 08:05 850769     /usr/lib/jvm/java-6-sun-1.6.0.07/jre/lib/i386/libverify.so
b7c8e000-b7c96000 rwxs 00000000 08:05 765868     /tmp/hsperfdata_danilo/13826
b7c96000-b7c9d000 r-xp 00000000 08:05 1206493    /lib/tls/i686/cmov/librt-2.7.so
b7c9d000-b7c9f000 rwxp 00006000 08:05 1206493    /lib/tls/i686/cmov/librt-2.7.so
b7c9f000-b7ca2000 ---p b7c9f000 00:00 0 
b7ca2000-b7da0000 rwxp b7ca2000 00:00 0 
b7da0000-b7dc3000 r-xp 00000000 08:05 1206337    /lib/tls/i686/cmov/libm-2.7.so
b7dc3000-b7dc5000 rwxp 00023000 08:05 1206337    /lib/tls/i686/cmov/libm-2.7.so
b7dc5000-b7dc6000 rwxp b7dc5000 00:00 0 
b7dc6000-b7f0f000 r-xp 00000000 08:05 1206194    /lib/tls/i686/cmov/libc-2.7.so
b7f0f000-b7f10000 r-xp 00149000 08:05 1206194    /lib/tls/i686/cmov/libc-2.7.so
b7f10000-b7f12000 rwxp 0014a000 08:05 1206194    /lib/tls/i686/cmov/libc-2.7.so
b7f12000-b7f15000 rwxp b7f12000 00:00 0 
b7f15000-b7f17000 r-xp 00000000 08:05 1206299    /lib/tls/i686/cmov/libdl-2.7.so
b7f17000-b7f19000 rwxp 00001000 08:05 1206299    /lib/tls/i686/cmov/libdl-2.7.so
b7f19000-b7f20000 r-xp 00000000 08:05 850778     /usr/lib/jvm/java-6-sun-1.6.0.07/jre/lib/i386/jli/libjli.so
b7f20000-b7f22000 rwxp 00006000 08:05 850778     /usr/lib/jvm/java-6-sun-1.6.0.07/jre/lib/i386/jli/libjli.so
b7f22000-b7f23000 rwxp b7f22000 00:00 0 
b7f23000-b7f37000 r-xp 00000000 08:05 1206484    /lib/tls/i686/cmov/libpthread-2.7.so
b7f37000-b7f39000 rwxp 00013000 08:05 1206484    /lib/tls/i686/cmov/libpthread-2.7.so
b7f39000-b7f3b000 rwxp b7f39000 00:00 0 
b7f40000-b7f48000 r-xp 00000000 08:05 1206478    /lib/tls/i686/cmov/libnss_nis-2.7.so
b7f48000-b7f4a000 rwxp 00007000 08:05 1206478    /lib/tls/i686/cmov/libnss_nis-2.7.so
b7f4a000-b7f51000 r-xp 00000000 08:05 1206450    /lib/tls/i686/cmov/libnss_compat-2.7.so
b7f51000-b7f53000 rwxp 00006000 08:05 1206450    /lib/tls/i686/cmov/libnss_compat-2.7.so
b7f53000-b7f59000 r-xp 00000000 08:05 850736     /usr/lib/jvm/java-6-sun-1.6.0.07/jre/lib/i386/native_threads/libhpi.so
b7f59000-b7f5a000 rwxp 00006000 08:05 850736     /usr/lib/jvm/java-6-sun-1.6.0.07/jre/lib/i386/native_threads/libhpi.so
b7f5a000-b7f5b000 rwxp b7f5a000 00:00 0 
b7f5b000-b7f5c000 r-xp b7f5b000 00:00 0 
b7f5c000-b7f5e000 rwxp b7f5c000 00:00 0 
b7f5e000-b7f5f000 r-xp b7f5e000 00:00 0          [vdso]
b7f5f000-b7f79000 r-xp 00000000 08:05 1173726    /lib/ld-2.7.so
b7f79000-b7f7b000 rwxp 00019000 08:05 1173726    /lib/ld-2.7.so
bfc44000-bfc59000 rwxp bffeb000 00:00 0          [stack]

VM Arguments:
jvm_args: -Xverify:none -da -Xmx512m -Xss1024k -Djruby.base=/home/danilo/Progetti/discovery_app/vendor/jruby-1.1.1 -Djruby.home=/home/danilo/Progetti/discovery_app/vendor/jruby-1.1.1 -Djruby.lib=/home/danilo/Progetti/discovery_app/vendor/jruby-1.1.1/lib -Djruby.shell=/bin/sh -Djruby.script=jruby 
java_command: org.jruby.Main script/server --port 3000
Launcher Type: SUN_STANDARD

Environment Variables:
JAVA_HOME=/usr/lib/jvm/java-6-sun-1.6.0.07/jre
PATH=/home/danilo/Progetti/discovery_app/vendor/jruby-1.1.1/bin:/home/danilo/bin:/usr/local/sbin:/usr/local/bin:/usr/sbin:/usr/bin:/sbin:/bin:/usr/games
USERNAME=danilo
LD_LIBRARY_PATH=/usr/lib/jvm/java-6-sun-1.6.0.07/jre/lib/i386/server:/usr/lib/jvm/java-6-sun-1.6.0.07/jre/lib/i386:/usr/lib/jvm/java-6-sun-1.6.0.07/jre/../lib/i386:/usr/lib/jvm/java-6-sun-1.6.0.07/jre/lib/i386/client:/usr/lib/jvm/java-6-sun-1.6.0.07/jre/lib/i386:/usr/lib/jvm/java-6-sun-1.6.0.07/jre/../lib/i386
SHELL=/bin/bash
DISPLAY=:0.1

Signal Handlers:
SIGSEGV: [libjvm.so+0x5edc30], sa_mask[0]=0x7ffbfeff, sa_flags=0x10000004
SIGBUS: [libjvm.so+0x5edc30], sa_mask[0]=0x7ffbfeff, sa_flags=0x10000004
SIGFPE: [libjvm.so+0x4fc6a0], sa_mask[0]=0x7ffbfeff, sa_flags=0x10000004
SIGPIPE: [libjvm.so+0x4fc6a0], sa_mask[0]=0x7ffbfeff, sa_flags=0x10000004
SIGXFSZ: [libjvm.so+0x4fc6a0], sa_mask[0]=0x7ffbfeff, sa_flags=0x10000004
SIGILL: [libjvm.so+0x4fc6a0], sa_mask[0]=0x7ffbfeff, sa_flags=0x10000004
SIGUSR1: SIG_DFL, sa_mask[0]=0x00000000, sa_flags=0x00000000
SIGUSR2: [libjvm.so+0x4fe6e0], sa_mask[0]=0x00000004, sa_flags=0x10000004
SIGHUP: SIG_DFL, sa_mask[0]=0x00000000, sa_flags=0x00000000
SIGINT: SIG_IGN, sa_mask[0]=0x00000000, sa_flags=0x00000000
SIGTERM: SIG_DFL, sa_mask[0]=0x00000000, sa_flags=0x00000000
SIGQUIT: SIG_DFL, sa_mask[0]=0x00000000, sa_flags=0x00000000


---------------  S Y S T E M  ---------------

OS:lenny/sid

uname:Linux 2.6.24-17-generic #1 SMP Thu May 1 14:31:33 UTC 2008 i686
libc:glibc 2.7 NPTL 2.7 
rlimit: STACK 8192k, CORE 0k, NPROC 16135, NOFILE 1024, AS infinity
load average:0.75 0.90 0.82

CPU:total 2 (2 cores per cpu, 1 threads per core) family 6 model 15 stepping 6, cmov, cx8, fxsr, mmx, sse, sse2, sse3, ssse3

Memory: 4k page, physical 2044188k(200832k free), swap 1953116k(1953116k free)

vm_info: Java HotSpot(TM) Server VM (10.0-b23) for linux-x86 JRE (1.6.0_07-b06), built on Jun 10 2008 01:20:15 by "java_re" with gcc 3.2.1-7a (J2SE release)

time: Tue Sep 30 10:46:50 2008
elapsed time: 0 seconds

