# Logfile created on Wed Nov 07 18:45:02 +0100 2007 by /
TaliaCore initializing with environmnet development
TaliaCore using exisiting database connection.
TaliaCore initialization complete
TaliaCore initializing with environmnet test
TaliaCore using exisiting database connection.
TaliaCore initializing with environmnet test
TaliaCore using exisiting database connection.
TaliaCore initializing with environmnet development
TaliaCore initializing with environmnet development
TaliaCore using standalone database
TaliaCore initialization complete
TaliaCore initializing with environmnet development
TaliaCore using standalone database
TaliaCore initialization complete
TaliaCore initializing with environmnet test
TaliaCore using standalone database
TaliaCore initialization complete
TaliaCore initializing with environmnet test
TaliaCore using exisiting database connection.
TaliaCore initialization complete
TaliaCore initializing with environmnet test
TaliaCore using standalone database
TaliaCore initialization complete
TaliaCore initializing with environmnet test
TaliaCore using standalone database
TaliaCore initialization complete
TaliaCore initializing with environmnet test
TaliaCore using standalone database
TaliaCore initialization complete
TaliaCore initializing with environmnet development
TaliaCore using exisiting database connection.
TaliaCore initialization complete
TaliaCore initializing with environmnet development
TaliaCore using exisiting database connection.
TaliaCore initialization complete
TaliaCore initializing with environmnet development
TaliaCore using exisiting database connection.
TaliaCore initialization complete
TaliaCore initializing with environmnet development
TaliaCore using standalone database
TaliaCore initialization complete
TaliaCore initializing with environmnet development
TaliaCore using exisiting database connection.
TaliaCore initialization complete
TaliaCore initializing with environmnet development
TaliaCore using standalone database
TaliaCore initialization complete
TaliaCore initializing with environmnet development
TaliaCore using exisiting database connection.
TaliaCore initialization complete
TaliaCore initializing with environmnet test
TaliaCore using standalone database
TaliaCore initialization complete
TaliaCore initializing with environmnet development
TaliaCore using standalone database
TaliaCore initialization complete
TaliaCore initializing with environmnet development
TaliaCore using standalone database
TaliaCore initialization complete
TaliaCore initializing with environmnet development
TaliaCore using standalone database
TaliaCore initialization complete
TaliaCore initializing with environmnet development
TaliaCore using exisiting database connection.
TaliaCore initialization complete
TaliaCore initializing with environmnet development
TaliaCore using exisiting database connection.
TaliaCore initializing with environmnet development
TaliaCore using exisiting database connection.
Local Domain: http://www.talia.discovery-project.org/sources/
Default Dome: http://www.talia.discovery-project.org/sources/default/
TaliaCore initialization complete
TaliaCore initializing with environmnet development
TaliaCore initializing with environmnet development
TaliaCore using standalone database
Local Domain: http://test.dummy/
Default Dome: http://default.dummy/
TaliaCore initialization complete
